#
# A fatal error has been detected by the Java Runtime Environment:
#
#  SIGSEGV (0xb) at pc=0x00007f8d3f00c605, pid=1727, tid=1747
#
# JRE version: OpenJDK Runtime Environment Temurin-17.0.7+7 (17.0.7+7) (build 17.0.7+7)
# Java VM: OpenJDK 64-Bit Server VM Temurin-17.0.7+7 (17.0.7+7, mixed mode, sharing, tiered, compressed oops, compressed class ptrs, g1 gc, linux-amd64)
# Problematic frame:
# V  [libjvm.so+0xe0c605]  void ConcurrentHashTable<SymbolTableConfig, (MEMFLAGS)10>::do_bulk_delete_locked_for<SymbolTableDeleteCheck, SymbolTableDoDelete>(Thread*, unsigned long, unsigned long, SymbolTableDeleteCheck&, SymbolTableDoDelete&, bool)+0x105
#
# Core dump will be written. Default location: Core dumps may be processed with "/lib/systemd/systemd-coredump %P %u %g %s %t 9223372036854775808 %h" (or dumping to /home/david-cruz/IdeaProjects/semana_29_comex_springboot/core.1727)
#
# If you would like to submit a bug report, please visit:
#   https://github.com/adoptium/adoptium-support/issues
#

---------------  S U M M A R Y ------------

Command Line: -javaagent:/app/IDEA-C/lib/idea_rt.jar=44297:/app/IDEA-C/bin -Dfile.encoding=UTF-8 com.srmasset.comex.springboot.api.SpringWebApplication

Host: Intel(R) Core(TM) i5-8400 CPU @ 2.80GHz, 4 cores, 3G, Freedesktop.org SDK 23.08 (Flatpak runtime)
Time: Sat Nov 18 08:25:17 2023 -03 elapsed time: 159.297835 seconds (0d 0h 2m 39s)

---------------  T H R E A D  ---------------

Current thread (0x00007f8d380e0130):  JavaThread "Service Thread" daemon [_thread_in_vm, id=1747, stack(0x00007f8d11700000,0x00007f8d11800000)]

Stack: [0x00007f8d11700000,0x00007f8d11800000],  sp=0x00007f8d117fe2d0,  free space=1016k
Native frames: (J=compiled Java code, j=interpreted, Vv=VM code, C=native code)
V  [libjvm.so+0xe0c605]  void ConcurrentHashTable<SymbolTableConfig, (MEMFLAGS)10>::do_bulk_delete_locked_for<SymbolTableDeleteCheck, SymbolTableDoDelete>(Thread*, unsigned long, unsigned long, SymbolTableDeleteCheck&, SymbolTableDoDelete&, bool)+0x105
V  [libjvm.so+0xe0bec6]  SymbolTable::clean_dead_entries(JavaThread*)+0x186
V  [libjvm.so+0xe0c155]  SymbolTable::do_concurrent_work(JavaThread*)+0x85
V  [libjvm.so+0xccebec]  ServiceThread::service_thread_entry(JavaThread*, JavaThread*)+0x4dc
V  [libjvm.so+0xe62564]  JavaThread::thread_main_inner()+0x184
V  [libjvm.so+0xe65c10]  Thread::call_run()+0xc0
V  [libjvm.so+0xc1aa21]  thread_native_entry(Thread*)+0xe1
C  [libc.so.6+0x8ee39]


siginfo: si_signo: 11 (SIGSEGV), si_code: 1 (SEGV_MAPERR), si_addr: 0x000000000000227c

Register to memory mapping:

RAX=0x00007f8cc017c020 points into unknown readable memory: 0x0000000000002274 | 74 22 00 00 00 00 00 00
RBX=0x00007f8d3c01ce40 points into unknown readable memory: 0x00007f8cc16f0300 | 00 03 6f c1 8c 7f 00 00
RCX=0x0000000000002274 is an unknown value
RDX=0x0 is NULL
RSP=0x00007f8d117fe2d0 is pointing into the stack for thread: 0x00007f8d380e0130
RBP=0x00007f8d117feb60 is pointing into the stack for thread: 0x00007f8d380e0130
RSI=0x00007f8d3c007010 points into unknown readable memory: 0x00007f8cc15db040 | 40 b0 5d c1 8c 7f 00 00
RDI=0x0 is NULL
R8 =0x0 is NULL
R9 =0x0000000000000007 is an unknown value
R10=0x0000000000000007 is an unknown value
R11=0x00007f8cc19fd400 points into unknown readable memory: 0x00007f8b380eac8d | 8d ac 0e 38 8b 7f 00 00
R12=0x0000000000000001 is an unknown value
R13=0x0000000000002bc7 is an unknown value
R14=0x00007f8d380bb1b0 points into unknown readable memory: 0x0000000000000000 | 00 00 00 00 00 00 00 00
R15=0x00007f8d117feba0 is pointing into the stack for thread: 0x00007f8d380e0130


Registers:
RAX=0x00007f8cc017c020, RBX=0x00007f8d3c01ce40, RCX=0x0000000000002274, RDX=0x0000000000000000
RSP=0x00007f8d117fe2d0, RBP=0x00007f8d117feb60, RSI=0x00007f8d3c007010, RDI=0x0000000000000000
R8 =0x0000000000000000, R9 =0x0000000000000007, R10=0x0000000000000007, R11=0x00007f8cc19fd400
R12=0x0000000000000001, R13=0x0000000000002bc7, R14=0x00007f8d380bb1b0, R15=0x00007f8d117feba0
RIP=0x00007f8d3f00c605, EFLAGS=0x0000000000010206, CSGSFS=0x002b000000000033, ERR=0x0000000000000004
  TRAPNO=0x000000000000000e

Top of Stack: (sp=0x00007f8d117fe2d0)
0x00007f8d117fe2d0:   00007f8d117feba8 0000000000000000
0x00007f8d117fe2e0:   00007f8d380e0228 00007f8d117feba0
0x00007f8d117fe2f0:   0000000000002baf 00007f8d380bb160
0x00007f8d117fe300:   0000000000000000 0000000000000000 

Instructions: (pc=0x00007f8d3f00c605)
0x00007f8d3f00c505:   57 4d 89 c7 41 56 41 55 49 89 d5 41 54 53 48 81
0x00007f8d3f00c515:   ec 68 08 00 00 0f b6 45 10 48 89 bd 98 f7 ff ff
0x00007f8d3f00c525:   48 89 b5 b0 f7 ff ff 88 85 7f f7 ff ff 48 8b 47
0x00007f8d3f00c535:   08 48 89 8d c0 f7 ff ff 4c 89 8d 70 f7 ff ff 48
0x00007f8d3f00c545:   89 85 b8 f7 ff ff 48 8b be f8 00 00 00 48 89 f8
0x00007f8d3f00c555:   40 f6 c7 01 75 12 48 8d 05 1e 67 4f 00 48 8b 80
0x00007f8d3f00c565:   80 00 00 00 48 83 c8 01 48 8b b5 b0 f7 ff ff 48
0x00007f8d3f00c575:   81 c6 f8 00 00 00 48 89 b5 80 f7 ff ff 48 87 06
0x00007f8d3f00c585:   4c 3b ad c0 f7 ff ff 0f 83 3c 01 00 00 66 0f 1f
0x00007f8d3f00c595:   44 00 00 48 8b 85 b8 f7 ff ff 31 d2 48 8b 30 4a
0x00007f8d3f00c5a5:   8d 04 ed 00 00 00 00 49 83 c5 01 48 8d 1c 06 4c
0x00007f8d3f00c5b5:   3b ad c0 f7 ff ff 73 11 48 8d 54 06 08 48 85 d2
0x00007f8d3f00c5c5:   74 07 48 8b 12 48 83 e2 fc 48 8b 03 48 83 e0 fc
0x00007f8d3f00c5d5:   0f 84 e6 00 00 00 45 31 c0 eb 0c 48 8b 00 48 85
0x00007f8d3f00c5e5:   c0 0f 84 d5 00 00 00 48 85 d2 74 0c 48 8b 4a 08
0x00007f8d3f00c5f5:   42 0f 18 0c 01 48 8b 12 48 8b 08 48 85 c9 74 09
0x00007f8d3f00c605:   48 8b 49 08 42 0f 18 0c 01 49 83 07 01 48 8b 48
0x00007f8d3f00c615:   08 8b 09 66 85 c9 75 c3 48 8b 85 b0 f7 ff ff 49
0x00007f8d3f00c625:   89 de 45 31 e4 48 89 b8 f8 00 00 00 48 8b 03 a8
0x00007f8d3f00c635:   01 75 1f 48 8b 13 48 83 e2 fc 48 89 d1 48 89 d0
0x00007f8d3f00c645:   48 83 c9 01 f0 48 0f b1 0b 48 39 c2 0f 84 a9 00
0x00007f8d3f00c655:   00 00 41 83 c4 01 41 81 fc 00 20 00 00 0f 84 88
0x00007f8d3f00c665:   00 00 00 e8 b3 3d c8 ff 48 8b 03 a8 01 74 c4 eb
0x00007f8d3f00c675:   e1 66 2e 0f 1f 84 00 00 00 00 00 4c 8b ad 90 f7
0x00007f8d3f00c685:   ff ff 4c 8b bd 88 f7 ff ff 48 8b 85 b0 f7 ff ff
0x00007f8d3f00c695:   48 8b b8 f8 00 00 00 48 89 f8 40 f6 c7 01 75 12
0x00007f8d3f00c6a5:   48 8d 05 d4 65 4f 00 48 8b 80 80 00 00 00 48 83
0x00007f8d3f00c6b5:   c8 01 48 8b b5 80 f7 ff ff 48 87 06 4c 3b ad c0
0x00007f8d3f00c6c5:   f7 ff ff 0f 82 ca fe ff ff 48 8b 85 b0 f7 ff ff
0x00007f8d3f00c6d5:   48 89 b8 f8 00 00 00 48 81 c4 68 08 00 00 5b 41
0x00007f8d3f00c6e5:   5c 41 5d 41 5e 41 5f 5d c3 66 90 e8 9b cb e0 ff
0x00007f8d3f00c6f5:   45 31 e4 e9 34 ff ff ff 0f 1f 00 4c 8b 23 49 83 


Stack slot to memory mapping:
stack at sp + 0 slots: 0x00007f8d117feba8 is pointing into the stack for thread: 0x00007f8d380e0130
stack at sp + 1 slots: 0x0 is NULL
stack at sp + 2 slots: 0x00007f8d380e0228 points into unknown readable memory: 0x0000000000001e53 | 53 1e 00 00 00 00 00 00
stack at sp + 3 slots: 0x00007f8d117feba0 is pointing into the stack for thread: 0x00007f8d380e0130
stack at sp + 4 slots: 0x0000000000002baf is an unknown value
stack at sp + 5 slots: 0x00007f8d380bb160 points into unknown readable memory: 0x0000000000000000 | 00 00 00 00 00 00 00 00
stack at sp + 6 slots: 0x0 is NULL
stack at sp + 7 slots: 0x0 is NULL


---------------  P R O C E S S  ---------------

Threads class SMR info:
_java_thread_list=0x00007f8cb02855c0, length=17, elements={
0x00007f8d380d4280, 0x00007f8d380d5660, 0x00007f8d380ded80, 0x00007f8d380e0130,
0x00007f8d380e1540, 0x00007f8d380e2ef0, 0x00007f8d380e4420, 0x00007f8d380e5890,
0x00007f8d380f0a80, 0x00007f8d38473940, 0x00007f8d38474470, 0x00007f8cf0001810,
0x00007f8cc0ac4610, 0x00007f8cc19e8530, 0x00007f8d38029090, 0x00005630d641e8f0,
0x00007f8ca400fab0
}

Java Threads: ( => current thread )
  0x00007f8d380d4280 JavaThread "Reference Handler" daemon [_thread_blocked, id=1744, stack(0x00007f8d11d2d000,0x00007f8d11e2d000)]
  0x00007f8d380d5660 JavaThread "Finalizer" daemon [_thread_blocked, id=1745, stack(0x00007f8d11c2d000,0x00007f8d11d2d000)]
  0x00007f8d380ded80 JavaThread "Signal Dispatcher" daemon [_thread_blocked, id=1746, stack(0x00007f8d11ad5000,0x00007f8d11bd5000)]
=>0x00007f8d380e0130 JavaThread "Service Thread" daemon [_thread_in_vm, id=1747, stack(0x00007f8d11700000,0x00007f8d11800000)]
  0x00007f8d380e1540 JavaThread "Monitor Deflation Thread" daemon [_thread_blocked, id=1748, stack(0x00007f8d11600000,0x00007f8d11700000)]
  0x00007f8d380e2ef0 JavaThread "C2 CompilerThread0" daemon [_thread_in_native, id=1749, stack(0x00007f8d11500000,0x00007f8d11600000)]
  0x00007f8d380e4420 JavaThread "C1 CompilerThread0" daemon [_thread_blocked, id=1751, stack(0x00007f8d11400000,0x00007f8d11500000)]
  0x00007f8d380e5890 JavaThread "Sweeper thread" daemon [_thread_blocked, id=1754, stack(0x00007f8d11300000,0x00007f8d11400000)]
  0x00007f8d380f0a80 JavaThread "Common-Cleaner" daemon [_thread_blocked, id=1755, stack(0x00007f8d11200000,0x00007f8d11300000)]
  0x00007f8d38473940 JavaThread "Monitor Ctrl-Break" daemon [_thread_in_native, id=1759, stack(0x00007f8d11100000,0x00007f8d11200000)]
  0x00007f8d38474470 JavaThread "Notification Thread" daemon [_thread_blocked, id=1760, stack(0x00007f8d11000000,0x00007f8d11100000)]
  0x00007f8cf0001810 JavaThread "Attach Listener" daemon [_thread_blocked, id=1771, stack(0x00007f8d108f8000,0x00007f8d109f8000)]
  0x00007f8cc0ac4610 JavaThread "mysql-cj-abandoned-connection-cleanup" daemon [_thread_blocked, id=1807, stack(0x00007f8d104f8000,0x00007f8d105f8000)]
  0x00007f8cc19e8530 JavaThread "Live Reload Server" daemon [_thread_in_native, id=1814, stack(0x00007f8c9ff00000,0x00007f8ca0000000)]
  0x00007f8d38029090 JavaThread "DestroyJavaVM" [_thread_blocked, id=1732, stack(0x00007f8d3e017000,0x00007f8d3e117000)]
  0x00005630d641e8f0 JavaThread "Thread-5" [_thread_blocked, id=1836, stack(0x00007f8d102f8000,0x00007f8d103f8000)]
  0x00007f8ca400fab0 JavaThread "restartedMain" [_thread_in_vm, id=1839, stack(0x00007f8d103f8000,0x00007f8d104f8000)] _threads_hazard_ptr=0x00007f8cb02855c0

Other Threads:
  0x00007f8d380d01d0 VMThread "VM Thread" [stack: 0x00007f8d11e2f000,0x00007f8d11f2f000] [id=1743]
  0x00007f8d384765c0 WatcherThread [stack: 0x00007f8d10f00000,0x00007f8d11000000] [id=1761]
  0x00007f8d380647a0 GCTaskThread "GC Thread#0" [stack: 0x00007f8d3c450000,0x00007f8d3c550000] [id=1733]
  0x00007f8d00005010 GCTaskThread "GC Thread#1" [stack: 0x00007f8d10dfe000,0x00007f8d10efe000] [id=1762]
  0x00007f8d00007770 GCTaskThread "GC Thread#2" [stack: 0x00007f8d10afc000,0x00007f8d10bfc000] [id=1769]
  0x00007f8d00008170 GCTaskThread "GC Thread#3" [stack: 0x00007f8d109fa000,0x00007f8d10afa000] [id=1770]
  0x00007f8d3806d740 ConcurrentGCThread "G1 Main Marker" [stack: 0x00007f8d3c34e000,0x00007f8d3c44e000] [id=1737]
  0x00007f8d3806e6a0 ConcurrentGCThread "G1 Conc#0" [stack: 0x00007f8d3c24c000,0x00007f8d3c34c000] [id=1738]
  0x00007f8d380a9ad0 ConcurrentGCThread "G1 Refine#0" [stack: 0x00007f8d201c6000,0x00007f8d202c6000] [id=1739]
  0x00007f8d380aa9c0 ConcurrentGCThread "G1 Service" [stack: 0x00007f8d200c4000,0x00007f8d201c4000] [id=1741]

Threads with active compile tasks:
C2 CompilerThread0   159304 6839       4       sun.invoke.util.VerifyAccess::isClassAccessible (230 bytes)

VM state: not at safepoint (normal execution)

VM Mutex/Monitor currently owned by a thread: None

Heap address: 0x00000000c3200000, size: 974 MB, Compressed Oops mode: 32-bit

CDS archive(s) mapped at: [0x0000000800000000-0x0000000800be1000-0x0000000800be1000), size 12455936, SharedBaseAddress: 0x0000000800000000, ArchiveRelocationMode: 0.
Compressed class space mapped at: 0x0000000801000000-0x0000000841000000, reserved size: 1073741824
Narrow klass base: 0x0000000800000000, Narrow klass shift: 0, Narrow klass range: 0x100000000

GC Precious Log:
 CPUs: 4 total, 4 available
 Memory: 3889M
 Large Page Support: Disabled
 NUMA Support: Disabled
 Compressed Oops: Enabled (32-bit)
 Heap Region Size: 1M
 Heap Min Capacity: 8M
 Heap Initial Capacity: 62M
 Heap Max Capacity: 974M
 Pre-touch: Disabled
 Parallel Workers: 4
 Concurrent Workers: 1
 Concurrent Refinement Workers: 4
 Periodic GC: Disabled

Heap:
 garbage-first heap   total 78848K, used 30013K [0x00000000c3200000, 0x0000000100000000)
  region size 1024K, 1 young (1024K), 0 survivors (0K)
 Metaspace       used 75155K, committed 75712K, reserved 1114112K
  class space    used 10514K, committed 10752K, reserved 1048576K

Heap Regions: E=young(eden), S=young(survivor), O=old, HS=humongous(starts), HC=humongous(continues), CS=collection set, F=free, OA=open archive, CA=closed archive, TAMS=top-at-mark-start (previous, next)
|   0|0x00000000c3200000, 0x00000000c3300000, 0x00000000c3300000|100%|HS|  |TAMS 0x00000000c3300000, 0x00000000c3200000| Untracked 
|   1|0x00000000c3300000, 0x00000000c3400000, 0x00000000c3400000|100%|HS|  |TAMS 0x00000000c3400000, 0x00000000c3300000| Untracked 
|   2|0x00000000c3400000, 0x00000000c3500000, 0x00000000c3500000|100%| O|  |TAMS 0x00000000c3500000, 0x00000000c3400000| Untracked 
|   3|0x00000000c3500000, 0x00000000c3600000, 0x00000000c3600000|100%| O|  |TAMS 0x00000000c3600000, 0x00000000c3500000| Untracked 
|   4|0x00000000c3600000, 0x00000000c3700000, 0x00000000c3700000|100%| O|  |TAMS 0x00000000c3700000, 0x00000000c3600000| Untracked 
|   5|0x00000000c3700000, 0x00000000c37ffff8, 0x00000000c3800000| 99%| O|  |TAMS 0x00000000c3700000, 0x00000000c3700000| Untracked 
|   6|0x00000000c3800000, 0x00000000c3900000, 0x00000000c3900000|100%| O|  |TAMS 0x00000000c3800000, 0x00000000c3800000| Untracked 
|   7|0x00000000c3900000, 0x00000000c39fff40, 0x00000000c3a00000| 99%| O|  |TAMS 0x00000000c3900000, 0x00000000c3900000| Untracked 
|   8|0x00000000c3a00000, 0x00000000c3b00000, 0x00000000c3b00000|100%| O|  |TAMS 0x00000000c3b00000, 0x00000000c3a00000| Untracked 
|   9|0x00000000c3b00000, 0x00000000c3bffff0, 0x00000000c3c00000| 99%| O|  |TAMS 0x00000000c3b00000, 0x00000000c3b00000| Untracked 
|  10|0x00000000c3c00000, 0x00000000c3cffff0, 0x00000000c3d00000| 99%| O|  |TAMS 0x00000000c3c00000, 0x00000000c3c00000| Untracked 
|  11|0x00000000c3d00000, 0x00000000c3dffff8, 0x00000000c3e00000| 99%| O|  |TAMS 0x00000000c3d00000, 0x00000000c3d00000| Untracked 
|  12|0x00000000c3e00000, 0x00000000c3eff300, 0x00000000c3f00000| 99%| O|  |TAMS 0x00000000c3e00000, 0x00000000c3e00000| Untracked 
|  13|0x00000000c3f00000, 0x00000000c3ffff78, 0x00000000c4000000| 99%| O|  |TAMS 0x00000000c3f00000, 0x00000000c3f00000| Untracked 
|  14|0x00000000c4000000, 0x00000000c40ffff0, 0x00000000c4100000| 99%| O|  |TAMS 0x00000000c4000000, 0x00000000c4000000| Untracked 
|  15|0x00000000c4100000, 0x00000000c41ffff0, 0x00000000c4200000| 99%| O|  |TAMS 0x00000000c4100000, 0x00000000c4100000| Untracked 
|  16|0x00000000c4200000, 0x00000000c42fffe8, 0x00000000c4300000| 99%| O|  |TAMS 0x00000000c4200000, 0x00000000c4200000| Untracked 
|  17|0x00000000c4300000, 0x00000000c43fffe8, 0x00000000c4400000| 99%| O|  |TAMS 0x00000000c4300000, 0x00000000c4300000| Untracked 
|  18|0x00000000c4400000, 0x00000000c44ffff0, 0x00000000c4500000| 99%| O|  |TAMS 0x00000000c4400000, 0x00000000c4400000| Untracked 
|  19|0x00000000c4500000, 0x00000000c4600000, 0x00000000c4600000|100%| O|  |TAMS 0x00000000c4600000, 0x00000000c4500000| Untracked 
|  20|0x00000000c4600000, 0x00000000c4700000, 0x00000000c4700000|100%| O|  |TAMS 0x00000000c4600000, 0x00000000c4600000| Untracked 
|  21|0x00000000c4700000, 0x00000000c47ffff8, 0x00000000c4800000| 99%| O|  |TAMS 0x00000000c4700000, 0x00000000c4700000| Untracked 
|  22|0x00000000c4800000, 0x00000000c48fff08, 0x00000000c4900000| 99%| O|  |TAMS 0x00000000c4800000, 0x00000000c4800000| Untracked 
|  23|0x00000000c4900000, 0x00000000c4a00000, 0x00000000c4a00000|100%| O|  |TAMS 0x00000000c4a00000, 0x00000000c4900000| Untracked 
|  24|0x00000000c4a00000, 0x00000000c4b00000, 0x00000000c4b00000|100%| O|  |TAMS 0x00000000c4b00000, 0x00000000c4a00000| Untracked 
|  25|0x00000000c4b00000, 0x00000000c4c00000, 0x00000000c4c00000|100%| O|  |TAMS 0x00000000c4b00000, 0x00000000c4b00000| Untracked 
|  26|0x00000000c4c00000, 0x00000000c4cffff0, 0x00000000c4d00000| 99%| O|  |TAMS 0x00000000c4c00000, 0x00000000c4c00000| Untracked 
|  27|0x00000000c4d00000, 0x00000000c4d93a20, 0x00000000c4e00000| 57%| O|  |TAMS 0x00000000c4d00000, 0x00000000c4d00000| Untracked 
|  28|0x00000000c4e00000, 0x00000000c4e18ab8, 0x00000000c4f00000|  9%| O|  |TAMS 0x00000000c4e00000, 0x00000000c4e00000| Untracked 
|  29|0x00000000c4f00000, 0x00000000c4f00000, 0x00000000c5000000|  0%| F|  |TAMS 0x00000000c4f00000, 0x00000000c4f00000| Untracked 
|  30|0x00000000c5000000, 0x00000000c5000000, 0x00000000c5100000|  0%| F|  |TAMS 0x00000000c5000000, 0x00000000c5000000| Untracked 
|  31|0x00000000c5100000, 0x00000000c5100000, 0x00000000c5200000|  0%| F|  |TAMS 0x00000000c5100000, 0x00000000c5100000| Untracked 
|  32|0x00000000c5200000, 0x00000000c5200000, 0x00000000c5300000|  0%| F|  |TAMS 0x00000000c5200000, 0x00000000c5200000| Untracked 
|  33|0x00000000c5300000, 0x00000000c5300000, 0x00000000c5400000|  0%| F|  |TAMS 0x00000000c5300000, 0x00000000c5300000| Untracked 
|  34|0x00000000c5400000, 0x00000000c5400000, 0x00000000c5500000|  0%| F|  |TAMS 0x00000000c5400000, 0x00000000c5400000| Untracked 
|  35|0x00000000c5500000, 0x00000000c5500000, 0x00000000c5600000|  0%| F|  |TAMS 0x00000000c5500000, 0x00000000c5500000| Untracked 
|  36|0x00000000c5600000, 0x00000000c5600000, 0x00000000c5700000|  0%| F|  |TAMS 0x00000000c5600000, 0x00000000c5600000| Untracked 
|  37|0x00000000c5700000, 0x00000000c57ac1e0, 0x00000000c5800000| 67%| O|  |TAMS 0x00000000c5700000, 0x00000000c5700000| Untracked 
|  38|0x00000000c5800000, 0x00000000c5800000, 0x00000000c5900000|  0%| F|  |TAMS 0x00000000c5800000, 0x00000000c5800000| Untracked 
|  39|0x00000000c5900000, 0x00000000c5900000, 0x00000000c5a00000|  0%| F|  |TAMS 0x00000000c5900000, 0x00000000c5900000| Untracked 
|  40|0x00000000c5a00000, 0x00000000c5a00000, 0x00000000c5b00000|  0%| F|  |TAMS 0x00000000c5a00000, 0x00000000c5a00000| Untracked 
|  41|0x00000000c5b00000, 0x00000000c5b00000, 0x00000000c5c00000|  0%| F|  |TAMS 0x00000000c5b00000, 0x00000000c5b00000| Untracked 
|  42|0x00000000c5c00000, 0x00000000c5c00000, 0x00000000c5d00000|  0%| F|  |TAMS 0x00000000c5c00000, 0x00000000c5c00000| Untracked 
|  43|0x00000000c5d00000, 0x00000000c5d00000, 0x00000000c5e00000|  0%| F|  |TAMS 0x00000000c5d00000, 0x00000000c5d00000| Untracked 
|  44|0x00000000c5e00000, 0x00000000c5e00000, 0x00000000c5f00000|  0%| F|  |TAMS 0x00000000c5e00000, 0x00000000c5e00000| Untracked 
|  45|0x00000000c5f00000, 0x00000000c5f00000, 0x00000000c6000000|  0%| F|  |TAMS 0x00000000c5f00000, 0x00000000c5f00000| Untracked 
|  46|0x00000000c6000000, 0x00000000c6000000, 0x00000000c6100000|  0%| F|  |TAMS 0x00000000c6000000, 0x00000000c6000000| Untracked 
|  47|0x00000000c6100000, 0x00000000c6100000, 0x00000000c6200000|  0%| F|  |TAMS 0x00000000c6100000, 0x00000000c6100000| Untracked 
|  48|0x00000000c6200000, 0x00000000c6200000, 0x00000000c6300000|  0%| F|  |TAMS 0x00000000c6200000, 0x00000000c6200000| Untracked 
|  49|0x00000000c6300000, 0x00000000c6300000, 0x00000000c6400000|  0%| F|  |TAMS 0x00000000c6300000, 0x00000000c6300000| Untracked 
|  50|0x00000000c6400000, 0x00000000c6400000, 0x00000000c6500000|  0%| F|  |TAMS 0x00000000c6400000, 0x00000000c6400000| Untracked 
|  51|0x00000000c6500000, 0x00000000c6500000, 0x00000000c6600000|  0%| F|  |TAMS 0x00000000c6500000, 0x00000000c6500000| Untracked 
|  52|0x00000000c6600000, 0x00000000c6600000, 0x00000000c6700000|  0%| F|  |TAMS 0x00000000c6600000, 0x00000000c6600000| Untracked 
|  53|0x00000000c6700000, 0x00000000c6700000, 0x00000000c6800000|  0%| F|  |TAMS 0x00000000c6700000, 0x00000000c6700000| Untracked 
|  54|0x00000000c6800000, 0x00000000c6800000, 0x00000000c6900000|  0%| F|  |TAMS 0x00000000c6800000, 0x00000000c6800000| Untracked 
|  55|0x00000000c6900000, 0x00000000c6900000, 0x00000000c6a00000|  0%| F|  |TAMS 0x00000000c6900000, 0x00000000c6900000| Untracked 
|  56|0x00000000c6a00000, 0x00000000c6a00000, 0x00000000c6b00000|  0%| F|  |TAMS 0x00000000c6a00000, 0x00000000c6a00000| Untracked 
|  57|0x00000000c6b00000, 0x00000000c6b00000, 0x00000000c6c00000|  0%| F|  |TAMS 0x00000000c6b00000, 0x00000000c6b00000| Untracked 
|  58|0x00000000c6c00000, 0x00000000c6c00000, 0x00000000c6d00000|  0%| F|  |TAMS 0x00000000c6c00000, 0x00000000c6c00000| Untracked 
|  59|0x00000000c6d00000, 0x00000000c6d00000, 0x00000000c6e00000|  0%| F|  |TAMS 0x00000000c6d00000, 0x00000000c6d00000| Untracked 
|  60|0x00000000c6e00000, 0x00000000c6e00000, 0x00000000c6f00000|  0%| F|  |TAMS 0x00000000c6e00000, 0x00000000c6e00000| Untracked 
|  61|0x00000000c6f00000, 0x00000000c6f00000, 0x00000000c7000000|  0%| F|  |TAMS 0x00000000c6f00000, 0x00000000c6f00000| Untracked 
|  62|0x00000000c7000000, 0x00000000c7000000, 0x00000000c7100000|  0%| F|  |TAMS 0x00000000c7000000, 0x00000000c7000000| Untracked 
|  63|0x00000000c7100000, 0x00000000c7100000, 0x00000000c7200000|  0%| F|  |TAMS 0x00000000c7100000, 0x00000000c7100000| Untracked 
|  64|0x00000000c7200000, 0x00000000c7200000, 0x00000000c7300000|  0%| F|  |TAMS 0x00000000c7200000, 0x00000000c7200000| Untracked 
|  65|0x00000000c7300000, 0x00000000c7300000, 0x00000000c7400000|  0%| F|  |TAMS 0x00000000c7300000, 0x00000000c7300000| Untracked 
|  66|0x00000000c7400000, 0x00000000c7400000, 0x00000000c7500000|  0%| F|  |TAMS 0x00000000c7400000, 0x00000000c7400000| Untracked 
|  67|0x00000000c7500000, 0x00000000c7500000, 0x00000000c7600000|  0%| F|  |TAMS 0x00000000c7500000, 0x00000000c7500000| Untracked 
|  68|0x00000000c7600000, 0x00000000c7600000, 0x00000000c7700000|  0%| F|  |TAMS 0x00000000c7600000, 0x00000000c7600000| Untracked 
|  69|0x00000000c7700000, 0x00000000c7700000, 0x00000000c7800000|  0%| F|  |TAMS 0x00000000c7700000, 0x00000000c7700000| Untracked 
|  70|0x00000000c7800000, 0x00000000c7800000, 0x00000000c7900000|  0%| F|  |TAMS 0x00000000c7800000, 0x00000000c7800000| Untracked 
|  71|0x00000000c7900000, 0x00000000c7900000, 0x00000000c7a00000|  0%| F|  |TAMS 0x00000000c7900000, 0x00000000c7900000| Untracked 
|  72|0x00000000c7a00000, 0x00000000c7a00000, 0x00000000c7b00000|  0%| F|  |TAMS 0x00000000c7a00000, 0x00000000c7a00000| Untracked 
|  73|0x00000000c7b00000, 0x00000000c7b00000, 0x00000000c7c00000|  0%| F|  |TAMS 0x00000000c7b00000, 0x00000000c7b00000| Untracked 
|  75|0x00000000c7d00000, 0x00000000c7da3aa8, 0x00000000c7e00000| 63%| E|  |TAMS 0x00000000c7d00000, 0x00000000c7d00000| Complete 
| 972|0x00000000ffe00000, 0x00000000ffe76000, 0x00000000fff00000| 46%|OA|  |TAMS 0x00000000ffe76000, 0x00000000ffe00000| Untracked 
| 973|0x00000000fff00000, 0x00000000fff82000, 0x0000000100000000| 50%|CA|  |TAMS 0x00000000fff82000, 0x00000000fff00000| Untracked 

Card table byte_map: [0x00007f8d3d66f000,0x00007f8d3d856000] _byte_map_base: 0x00007f8d3d056000

Marking Bits (Prev, Next): (CMBitMap*) 0x00007f8d38065220, (CMBitMap*) 0x00007f8d38065260
 Prev Bits: [0x00007f8d3c550000, 0x00007f8d3d488000)
 Next Bits: [0x00007f8d204c8000, 0x00007f8d21400000)

Polling page: 0x00007f8d3f82e000

Metaspace:

Usage:
  Non-class:     63,13 MB used.
      Class:     10,27 MB used.
       Both:     73,39 MB used.

Virtual space:
  Non-class space:       64,00 MB reserved,      63,44 MB (>99%) committed,  1 nodes.
      Class space:        1,00 GB reserved,      10,50 MB (  1%) committed,  1 nodes.
             Both:        1,06 GB reserved,      73,94 MB (  7%) committed. 

Chunk freelists:
   Non-Class:  564,00 KB
       Class:  5,38 MB
        Both:  5,93 MB

MaxMetaspaceSize: unlimited
CompressedClassSpaceSize: 1,00 GB
Initial GC threshold: 21,00 MB
Current GC threshold: 123,25 MB
CDS: on
MetaspaceReclaimPolicy: balanced
 - commit_granule_bytes: 65536.
 - commit_granule_words: 8192.
 - virtual_space_node_default_size: 8388608.
 - enlarge_chunks_in_place: 1.
 - new_chunks_are_fully_committed: 0.
 - uncommit_free_chunks: 1.
 - use_allocation_guard: 0.
 - handle_deallocations: 1.


Internal statistics:

num_allocs_failed_limit: 11.
num_arena_births: 794.
num_arena_deaths: 4.
num_vsnodes_births: 2.
num_vsnodes_deaths: 0.
num_space_committed: 1183.
num_space_uncommitted: 0.
num_chunks_returned_to_freelist: 17.
num_chunks_taken_from_freelist: 3434.
num_chunk_merges: 3.
num_chunk_splits: 2504.
num_chunks_enlarged: 1980.
num_inconsistent_stats: 0.

CodeHeap 'non-profiled nmethods': size=120032Kb used=2527Kb max_used=2652Kb free=117504Kb
 bounds [0x00007f8d28ec8000, 0x00007f8d29168000, 0x00007f8d30400000]
CodeHeap 'profiled nmethods': size=120028Kb used=9800Kb max_used=11968Kb free=110227Kb
 bounds [0x00007f8d21400000, 0x00007f8d21fc0000, 0x00007f8d28937000]
CodeHeap 'non-nmethods': size=5700Kb used=1361Kb max_used=1444Kb free=4338Kb
 bounds [0x00007f8d28937000, 0x00007f8d28ba7000, 0x00007f8d28ec8000]
 total_blobs=6529 nmethods=5821 adapters=621
 compilation: enabled
              stopped_count=0, restarted_count=0
 full_count=0

Compilation events (20 events):
Event: 159,263 Thread 0x00007f8d380e4420 6848       3       java.util.WeakHashMap::<init> (9 bytes)
Event: 159,263 Thread 0x00007f8d380e4420 nmethod 6848 0x00007f8d217f1210 code [0x00007f8d217f13e0, 0x00007f8d217f1520]
Event: 159,264 Thread 0x00007f8d380e4420 6849       3       sun.nio.fs.UnixFileSystem::getPath (110 bytes)
Event: 159,265 Thread 0x00007f8d380e4420 nmethod 6849 0x00007f8d21854110 code [0x00007f8d218543c0, 0x00007f8d218550c0]
Event: 159,265 Thread 0x00007f8d380e4420 6851       3       java.lang.Long::compare (22 bytes)
Event: 159,266 Thread 0x00007f8d380e4420 nmethod 6851 0x00007f8d21df7510 code [0x00007f8d21df76c0, 0x00007f8d21df78b0]
Event: 159,266 Thread 0x00007f8d380e4420 6853       3       org.springframework.core.io.support.SpringFactoriesLoader$$Lambda$28/0x000000080102c888::apply (8 bytes)
Event: 159,266 Thread 0x00007f8d380e4420 nmethod 6853 0x00007f8d21a13d10 code [0x00007f8d21a13ee0, 0x00007f8d21a14310]
Event: 159,266 Thread 0x00007f8d380e4420 6854       3       org.springframework.core.io.support.SpringFactoriesLoader$$Lambda$29/0x000000080102cac8::accept (14 bytes)
Event: 159,266 Thread 0x00007f8d380e4420 nmethod 6854 0x00007f8d21a5da90 code [0x00007f8d21a5dc40, 0x00007f8d21a5df00]
Event: 159,267 Thread 0x00007f8d380e4420 6855       3       java.util.stream.DistinctOps$1$2::accept (24 bytes)
Event: 159,267 Thread 0x00007f8d380e4420 nmethod 6855 0x00007f8d21abde10 code [0x00007f8d21abdfc0, 0x00007f8d21abe2b0]
Event: 159,268 Thread 0x00007f8d380e4420 6856       3       java.util.ImmutableCollections$ListN::<init> (15 bytes)
Event: 159,268 Thread 0x00007f8d380e4420 nmethod 6856 0x00007f8d21acf910 code [0x00007f8d21acfac0, 0x00007f8d21acfdb0]
Event: 159,268 Thread 0x00007f8d380e4420 6857       3       java.util.stream.ReferencePipeline::toArray (18 bytes)
Event: 159,268 Thread 0x00007f8d380e4420 nmethod 6857 0x00007f8d21ac5590 code [0x00007f8d21ac5760, 0x00007f8d21ac59a0]
Event: 159,268 Thread 0x00007f8d380e4420 6858       3       java.util.stream.Nodes::flatten (70 bytes)
Event: 159,268 Thread 0x00007f8d380e4420 nmethod 6858 0x00007f8d216e3c10 code [0x00007f8d216e3e60, 0x00007f8d216e46d0]
Event: 159,270 Thread 0x00007f8d380e4420 6859       3       org.springframework.core.OrderComparator::getOrder (111 bytes)
Event: 159,270 Thread 0x00007f8d380e4420 nmethod 6859 0x00007f8d219a5410 code [0x00007f8d219a5640, 0x00007f8d219a5df0]

GC Heap History (20 events):
Event: 3,099 GC heap before
{Heap before GC invocations=8 (full 0):
 garbage-first heap   total 58368K, used 41281K [0x00000000c3200000, 0x0000000100000000)
  region size 1024K, 24 young (24576K), 1 survivors (1024K)
 Metaspace       used 30533K, committed 30912K, reserved 1114112K
  class space    used 3993K, committed 4160K, reserved 1048576K
}
Event: 3,102 GC heap after
{Heap after GC invocations=9 (full 0):
 garbage-first heap   total 79872K, used 19230K [0x00000000c3200000, 0x0000000100000000)
  region size 1024K, 3 young (3072K), 3 survivors (3072K)
 Metaspace       used 30533K, committed 30912K, reserved 1114112K
  class space    used 3993K, committed 4160K, reserved 1048576K
}
Event: 3,548 GC heap before
{Heap before GC invocations=9 (full 0):
 garbage-first heap   total 79872K, used 37662K [0x00000000c3200000, 0x0000000100000000)
  region size 1024K, 22 young (22528K), 3 survivors (3072K)
 Metaspace       used 35853K, committed 36288K, reserved 1114112K
  class space    used 4651K, committed 4864K, reserved 1048576K
}
Event: 3,553 GC heap after
{Heap after GC invocations=10 (full 0):
 garbage-first heap   total 79872K, used 20893K [0x00000000c3200000, 0x0000000100000000)
  region size 1024K, 4 young (4096K), 4 survivors (4096K)
 Metaspace       used 35853K, committed 36288K, reserved 1114112K
  class space    used 4651K, committed 4864K, reserved 1048576K
}
Event: 4,458 GC heap before
{Heap before GC invocations=11 (full 0):
 garbage-first heap   total 78848K, used 59805K [0x00000000c3200000, 0x0000000100000000)
  region size 1024K, 42 young (43008K), 4 survivors (4096K)
 Metaspace       used 45988K, committed 46528K, reserved 1114112K
  class space    used 6079K, committed 6336K, reserved 1048576K
}
Event: 4,464 GC heap after
{Heap after GC invocations=12 (full 0):
 garbage-first heap   total 78848K, used 23530K [0x00000000c3200000, 0x0000000100000000)
  region size 1024K, 5 young (5120K), 5 survivors (5120K)
 Metaspace       used 45988K, committed 46528K, reserved 1114112K
  class space    used 6079K, committed 6336K, reserved 1048576K
}
Event: 4,474 GC heap before
{Heap before GC invocations=12 (full 0):
 garbage-first heap   total 78848K, used 23530K [0x00000000c3200000, 0x0000000100000000)
  region size 1024K, 6 young (6144K), 5 survivors (5120K)
 Metaspace       used 46275K, committed 46720K, reserved 1114112K
  class space    used 6118K, committed 6336K, reserved 1048576K
}
Event: 4,478 GC heap after
{Heap after GC invocations=13 (full 0):
 garbage-first heap   total 78848K, used 23709K [0x00000000c3200000, 0x0000000100000000)
  region size 1024K, 1 young (1024K), 1 survivors (1024K)
 Metaspace       used 46275K, committed 46720K, reserved 1114112K
  class space    used 6118K, committed 6336K, reserved 1048576K
}
Event: 5,026 GC heap before
{Heap before GC invocations=13 (full 0):
 garbage-first heap   total 78848K, used 59549K [0x00000000c3200000, 0x0000000100000000)
  region size 1024K, 36 young (36864K), 1 survivors (1024K)
 Metaspace       used 55765K, committed 56256K, reserved 1114112K
  class space    used 7522K, committed 7744K, reserved 1048576K
}
Event: 5,030 GC heap after
{Heap after GC invocations=14 (full 0):
 garbage-first heap   total 78848K, used 24918K [0x00000000c3200000, 0x0000000100000000)
  region size 1024K, 2 young (2048K), 2 survivors (2048K)
 Metaspace       used 55765K, committed 56256K, reserved 1114112K
  class space    used 7522K, committed 7744K, reserved 1048576K
}
Event: 5,572 GC heap before
{Heap before GC invocations=15 (full 0):
 garbage-first heap   total 78848K, used 60758K [0x00000000c3200000, 0x0000000100000000)
  region size 1024K, 37 young (37888K), 2 survivors (2048K)
 Metaspace       used 62620K, committed 63168K, reserved 1114112K
  class space    used 8579K, committed 8832K, reserved 1048576K
}
Event: 5,576 GC heap after
{Heap after GC invocations=16 (full 0):
 garbage-first heap   total 78848K, used 26580K [0x00000000c3200000, 0x0000000100000000)
  region size 1024K, 4 young (4096K), 4 survivors (4096K)
 Metaspace       used 62620K, committed 63168K, reserved 1114112K
  class space    used 8579K, committed 8832K, reserved 1048576K
}
Event: 6,073 GC heap before
{Heap before GC invocations=16 (full 0):
 garbage-first heap   total 78848K, used 61396K [0x00000000c3200000, 0x0000000100000000)
  region size 1024K, 38 young (38912K), 4 survivors (4096K)
 Metaspace       used 67777K, committed 68288K, reserved 1114112K
  class space    used 9557K, committed 9792K, reserved 1048576K
}
Event: 6,082 GC heap after
{Heap after GC invocations=17 (full 0):
 garbage-first heap   total 78848K, used 29697K [0x00000000c3200000, 0x0000000100000000)
  region size 1024K, 5 young (5120K), 5 survivors (5120K)
 Metaspace       used 67777K, committed 68288K, reserved 1114112K
  class space    used 9557K, committed 9792K, reserved 1048576K
}
Event: 6,309 GC heap before
{Heap before GC invocations=17 (full 0):
 garbage-first heap   total 78848K, used 59393K [0x00000000c3200000, 0x0000000100000000)
  region size 1024K, 35 young (35840K), 5 survivors (5120K)
 Metaspace       used 69545K, committed 70080K, reserved 1114112K
  class space    used 9801K, committed 10048K, reserved 1048576K
}
Event: 6,316 GC heap after
{Heap after GC invocations=18 (full 0):
 garbage-first heap   total 78848K, used 32385K [0x00000000c3200000, 0x0000000100000000)
  region size 1024K, 3 young (3072K), 3 survivors (3072K)
 Metaspace       used 69545K, committed 70080K, reserved 1114112K
  class space    used 9801K, committed 10048K, reserved 1048576K
}
Event: 6,676 GC heap before
{Heap before GC invocations=18 (full 0):
 garbage-first heap   total 78848K, used 61057K [0x00000000c3200000, 0x0000000100000000)
  region size 1024K, 31 young (31744K), 3 survivors (3072K)
 Metaspace       used 71464K, committed 72000K, reserved 1114112K
  class space    used 10041K, committed 10304K, reserved 1048576K
}
Event: 6,681 GC heap after
{Heap after GC invocations=19 (full 0):
 garbage-first heap   total 78848K, used 34788K [0x00000000c3200000, 0x0000000100000000)
  region size 1024K, 3 young (3072K), 3 survivors (3072K)
 Metaspace       used 71464K, committed 72000K, reserved 1114112K
  class space    used 10041K, committed 10304K, reserved 1048576K
}
Event: 158,894 GC heap before
{Heap before GC invocations=19 (full 0):
 garbage-first heap   total 78848K, used 60388K [0x00000000c3200000, 0x0000000100000000)
  region size 1024K, 29 young (29696K), 3 survivors (3072K)
 Metaspace       used 75158K, committed 75712K, reserved 1114112K
  class space    used 10514K, committed 10752K, reserved 1048576K
}
Event: 159,257 GC heap after
{Heap after GC invocations=20 (full 1):
 garbage-first heap   total 78848K, used 30013K [0x00000000c3200000, 0x0000000100000000)
  region size 1024K, 0 young (0K), 0 survivors (0K)
 Metaspace       used 75151K, committed 75712K, reserved 1114112K
  class space    used 10513K, committed 10752K, reserved 1048576K
}

Dll operation events (12 events):
Event: 0,006 Loaded shared library /home/david-cruz/.jdks/temurin-17.0.7/lib/libjava.so
Event: 0,016 Loaded shared library /home/david-cruz/.jdks/temurin-17.0.7/lib/libjsvml.so
Event: 0,121 Loaded shared library /home/david-cruz/.jdks/temurin-17.0.7/lib/libzip.so
Event: 0,124 Loaded shared library /home/david-cruz/.jdks/temurin-17.0.7/lib/libinstrument.so
Event: 0,130 Loaded shared library /home/david-cruz/.jdks/temurin-17.0.7/lib/libnio.so
Event: 0,134 Loaded shared library /home/david-cruz/.jdks/temurin-17.0.7/lib/libzip.so
Event: 0,226 Loaded shared library /home/david-cruz/.jdks/temurin-17.0.7/lib/libnet.so
Event: 0,263 Loaded shared library /home/david-cruz/.jdks/temurin-17.0.7/lib/libextnet.so
Event: 0,313 Loaded shared library /home/david-cruz/.jdks/temurin-17.0.7/lib/libjimage.so
Event: 0,646 Loaded shared library /home/david-cruz/.jdks/temurin-17.0.7/lib/libmanagement.so
Event: 0,647 Loaded shared library /home/david-cruz/.jdks/temurin-17.0.7/lib/libmanagement_ext.so
Event: 4,234 Loaded shared library /home/david-cruz/.jdks/temurin-17.0.7/lib/libverify.so

Deoptimization events (20 events):
Event: 6,866 Thread 0x00007f8cc0aa9ff0 DEOPT PACKING pc=0x00007f8d2174f7a8 sp=0x00007f8d108f6550
Event: 6,866 Thread 0x00007f8cc0aa9ff0 DEOPT UNPACKING pc=0x00007f8d2898de2f sp=0x00007f8d108f59c8 mode 3
Event: 6,879 Thread 0x00007f8ccc002580 Uncommon trap: trap_request=0xffffff45 fr.pc=0x00007f8d28f29400 relative=0x0000000000000060
Event: 6,879 Thread 0x00007f8ccc002580 Uncommon trap: reason=unstable_if action=reinterpret pc=0x00007f8d28f29400 method=org.springframework.util.ConcurrentReferenceHashMap$Segment.clear()V @ 7 c2
Event: 6,879 Thread 0x00007f8ccc002580 DEOPT PACKING pc=0x00007f8d28f29400 sp=0x00007f8d10cf9ab0
Event: 6,879 Thread 0x00007f8ccc002580 DEOPT UNPACKING pc=0x00007f8d2898d699 sp=0x00007f8d10cf9a60 mode 2
Event: 6,881 Thread 0x00007f8ccc002580 Uncommon trap: trap_request=0xffffff54 fr.pc=0x00007f8d28f42214 relative=0x0000000000000254
Event: 6,881 Thread 0x00007f8ccc002580 Uncommon trap: reason=speculate_null_assert action=make_not_entrant pc=0x00007f8d28f42214 method=org.springframework.util.ConcurrentReferenceHashMap$Segment.restructureIfNecessary(Z)V @ 41 c2
Event: 6,881 Thread 0x00007f8ccc002580 DEOPT PACKING pc=0x00007f8d28f42214 sp=0x00007f8d10cf9b20
Event: 6,881 Thread 0x00007f8ccc002580 DEOPT UNPACKING pc=0x00007f8d2898d699 sp=0x00007f8d10cf9af8 mode 2
Event: 12,226 Thread 0x00007f8cc19f03e0 DEOPT PACKING pc=0x00007f8d21a4cd99 sp=0x00007f8d101f5580
Event: 12,226 Thread 0x00007f8cc19f03e0 DEOPT UNPACKING pc=0x00007f8d2898de2f sp=0x00007f8d101f4a90 mode 0
Event: 12,353 Thread 0x00007f8cc19f03e0 Uncommon trap: trap_request=0xffffff45 fr.pc=0x00007f8d29140908 relative=0x0000000000000448
Event: 12,353 Thread 0x00007f8cc19f03e0 Uncommon trap: reason=unstable_if action=reinterpret pc=0x00007f8d29140908 method=java.util.IdentityHashMap.maskNull(Ljava/lang/Object;)Ljava/lang/Object; @ 1 c2
Event: 12,353 Thread 0x00007f8cc19f03e0 DEOPT PACKING pc=0x00007f8d29140908 sp=0x00007f8d101f49f0
Event: 12,354 Thread 0x00007f8cc19f03e0 DEOPT UNPACKING pc=0x00007f8d2898d699 sp=0x00007f8d101f4940 mode 2
Event: 158,761 Thread 0x00005630d641e8f0 Uncommon trap: trap_request=0xffffff45 fr.pc=0x00007f8d29088698 relative=0x0000000000000378
Event: 158,761 Thread 0x00005630d641e8f0 Uncommon trap: reason=unstable_if action=reinterpret pc=0x00007f8d29088698 method=sun.net.www.ParseUtil.match(CJJ)Z @ 39 c2
Event: 158,761 Thread 0x00005630d641e8f0 DEOPT PACKING pc=0x00007f8d29088698 sp=0x00007f8d103f5ca0
Event: 158,761 Thread 0x00005630d641e8f0 DEOPT UNPACKING pc=0x00007f8d2898d699 sp=0x00007f8d103f5b70 mode 2

Classes unloaded (2 events):
Event: 159,034 Thread 0x00007f8d380d01d0 Unloading class 0x00000008019f9800 'jdk/internal/reflect/GeneratedSerializationConstructorAccessor2'
Event: 159,034 Thread 0x00007f8d380d01d0 Unloading class 0x00000008019f8000 'jdk/internal/reflect/GeneratedSerializationConstructorAccessor1'

Classes redefined (0 events):
No events

Internal exceptions (20 events):
Event: 6,608 Thread 0x00007f8ccc002580 Exception <a 'java/lang/NoSuchMethodError'{0x00000000c65a2a58}: 'void java.lang.invoke.DirectMethodHandle$Holder.invokeVirtual(java.lang.Object, java.lang.Object, long)'> (0x00000000c65a2a58) 
thrown [src/hotspot/share/interpreter/linkResolver.cpp, line 758]
Event: 6,743 Thread 0x00007f8ccc002580 Exception <a 'java/lang/IncompatibleClassChangeError'{0x00000000c7b94428}: Found class java.lang.Object, but interface was expected> (0x00000000c7b94428) 
thrown [src/hotspot/share/interpreter/linkResolver.cpp, line 826]
Event: 6,772 Thread 0x00007f8ccc002580 Implicit null exception at 0x00007f8d28fca4cf to 0x00007f8d28fca892
Event: 6,790 Thread 0x00007f8ccc002580 Implicit null exception at 0x00007f8d28fcee57 to 0x00007f8d28fcf064
Event: 6,846 Thread 0x00007f8ccc002580 Exception <a 'java/lang/NoSuchMethodError'{0x00000000c7471608}: 'java.lang.Object java.lang.invoke.DirectMethodHandle$Holder.newInvokeSpecial(java.lang.Object, java.lang.Object, int, java.lang.Object, java.lang.Object)'> (0x00000000c7471608) 
thrown [src/hotspot/share/interpreter/linkResolver.cpp, line 758]
Event: 6,847 Thread 0x00007f8ccc002580 Exception <a 'java/lang/NoSuchMethodError'{0x00000000c747cb88}: 'java.lang.Object java.lang.invoke.DirectMethodHandle$Holder.invokeSpecial(java.lang.Object, java.lang.Object, int, java.lang.Object, int, java.lang.Object)'> (0x00000000c747cb88) 
thrown [src/hotspot/share/interpreter/linkResolver.cpp, line 758]
Event: 6,847 Thread 0x00007f8ccc002580 Exception <a 'java/lang/NoSuchMethodError'{0x00000000c7484e80}: 'java.lang.Object java.lang.invoke.DirectMethodHandle$Holder.newInvokeSpecial(java.lang.Object, java.lang.Object, int, java.lang.Object, int)'> (0x00000000c7484e80) 
thrown [src/hotspot/share/interpreter/linkResolver.cpp, line 758]
Event: 6,847 Thread 0x00007f8ccc002580 Exception <a 'java/lang/NoSuchMethodError'{0x00000000c7488f80}: 'java.lang.Object java.lang.invoke.DirectMethodHandle$Holder.invokeSpecial(java.lang.Object, java.lang.Object, java.lang.Object, int, java.lang.Object, int)'> (0x00000000c7488f80) 
thrown [src/hotspot/share/interpreter/linkResolver.cpp, line 758]
Event: 12,236 Thread 0x00007f8cc19f03e0 Exception <a 'java/lang/NoSuchMethodError'{0x00000000c6ead500}: 'java.lang.Object java.lang.invoke.DirectMethodHandle$Holder.invokeSpecial(java.lang.Object, java.lang.Object, java.lang.Object, java.lang.Object, java.lang.Object, long)'> (0x00000000c6ead500) 
thrown [src/hotspot/share/interpreter/linkResolver.cpp, line 758]
Event: 12,236 Thread 0x00007f8cc19f03e0 Exception <a 'java/lang/NoSuchMethodError'{0x00000000c6eb0f40}: 'java.lang.Object java.lang.invoke.Invokers$Holder.linkToTargetMethod(java.lang.Object, java.lang.Object, java.lang.Object, long, java.lang.Object)'> (0x00000000c6eb0f40) 
thrown [src/hotspot/share/interpreter/linkResolver.cpp, line 758]
Event: 12,279 Thread 0x00007f8cc19f03e0 Exception <a 'java/lang/NoSuchMethodError'{0x00000000c6c6b120}: 'java.lang.Object java.lang.invoke.DirectMethodHandle$Holder.invokeStatic(java.lang.Object, int, int)'> (0x00000000c6c6b120) 
thrown [src/hotspot/share/interpreter/linkResolver.cpp, line 758]
Event: 12,353 Thread 0x00007f8cc19f03e0 Implicit null exception at 0x00007f8d291404f4 to 0x00007f8d291408f0
Event: 158,795 Thread 0x00007f8cc0aabb10 Exception <a 'java/lang/InterruptedException'{0x00000000c64c8540}: sleep interrupted> (0x00000000c64c8540) 
thrown [src/hotspot/share/prims/jvm.cpp, line 3070]
Event: 158,867 Thread 0x00007f8ca400eac0 Exception <a 'java/io/IOException'{0x00000000c6346f18}> (0x00000000c6346f18) 
thrown [src/hotspot/share/prims/jni.cpp, line 516]
Event: 158,880 Thread 0x00007f8ca400eac0 Exception <a 'java/io/IOException'{0x00000000c6351030}> (0x00000000c6351030) 
thrown [src/hotspot/share/prims/jni.cpp, line 516]
Event: 158,881 Thread 0x00007f8ca400eac0 Exception <a 'java/io/IOException'{0x00000000c6353da0}> (0x00000000c6353da0) 
thrown [src/hotspot/share/prims/jni.cpp, line 516]
Event: 158,883 Thread 0x00007f8ca400eac0 Exception <a 'java/io/IOException'{0x00000000c6356b10}> (0x00000000c6356b10) 
thrown [src/hotspot/share/prims/jni.cpp, line 516]
Event: 158,884 Thread 0x00007f8ca400eac0 Exception <a 'java/io/IOException'{0x00000000c6359880}> (0x00000000c6359880) 
thrown [src/hotspot/share/prims/jni.cpp, line 516]
Event: 158,886 Thread 0x00007f8ca400eac0 Exception <a 'java/io/IOException'{0x00000000c635c5f0}> (0x00000000c635c5f0) 
thrown [src/hotspot/share/prims/jni.cpp, line 516]
Event: 158,888 Thread 0x00007f8ca400eac0 Exception <a 'java/io/IOException'{0x00000000c6361af8}> (0x00000000c6361af8) 
thrown [src/hotspot/share/prims/jni.cpp, line 516]

VM Operations (20 events):
Event: 58,758 Executing VM operation: Cleanup
Event: 58,758 Executing VM operation: Cleanup done
Event: 71,767 Executing VM operation: Cleanup
Event: 71,769 Executing VM operation: Cleanup done
Event: 73,770 Executing VM operation: Cleanup
Event: 73,770 Executing VM operation: Cleanup done
Event: 111,810 Executing VM operation: Cleanup
Event: 111,810 Executing VM operation: Cleanup done
Event: 123,826 Executing VM operation: Cleanup
Event: 123,826 Executing VM operation: Cleanup done
Event: 136,840 Executing VM operation: Cleanup
Event: 136,840 Executing VM operation: Cleanup done
Event: 151,851 Executing VM operation: Cleanup
Event: 151,851 Executing VM operation: Cleanup done
Event: 153,851 Executing VM operation: Cleanup
Event: 153,852 Executing VM operation: Cleanup done
Event: 158,853 Executing VM operation: Cleanup
Event: 158,854 Executing VM operation: Cleanup done
Event: 158,893 Executing VM operation: G1CollectFull
Event: 159,257 Executing VM operation: G1CollectFull done

Events (20 events):
Event: 158,848 loading class jdk/internal/reflect/UnsafeQualifiedObjectFieldAccessorImpl done
Event: 158,852 Thread 0x00007f8ca400eac0 Thread added: 0x00007f8ca400eac0
Event: 158,852 Protecting memory [0x00007f8d107f8000,0x00007f8d107fc000] with protection modes 0
Event: 158,852 Thread 0x00007f8cc0c948b0 Thread exited: 0x00007f8cc0c948b0
Event: 158,859 loading class sun/security/ssl/Alert
Event: 158,862 loading class sun/security/ssl/Alert done
Event: 158,864 loading class sun/security/ssl/Alert$AlertConsumer
Event: 158,866 loading class sun/security/ssl/Alert$AlertConsumer done
Event: 158,866 loading class sun/security/ssl/Alert$Level
Event: 158,866 loading class sun/security/ssl/Alert$Level done
Event: 158,891 Thread 0x00007f8ca400eac0 Thread exited: 0x00007f8ca400eac0
Event: 159,257 loading class java/lang/ref/Finalizer$2
Event: 159,258 loading class java/lang/ref/Finalizer$2 done
Event: 159,258 loading class java/lang/ref/Finalizer$1
Event: 159,258 loading class java/lang/ref/Finalizer$1 done
Event: 159,258 Thread 0x00007f8ca400eac0 Thread added: 0x00007f8ca400eac0
Event: 159,258 Protecting memory [0x00007f8d107f8000,0x00007f8d107fc000] with protection modes 0
Event: 159,259 Thread 0x00007f8ca400fab0 Thread added: 0x00007f8ca400fab0
Event: 159,259 Thread 0x00007f8ca400eac0 Thread exited: 0x00007f8ca400eac0
Event: 159,259 Protecting memory [0x00007f8d103f8000,0x00007f8d103fc000] with protection modes 0


Dynamic libraries:
c3200000-c7c00000 rw-p 00000000 00:00 0 
c7c00000-c7d00000 ---p 00000000 00:00 0 
c7d00000-c7e00000 rw-p 00000000 00:00 0 
c7e00000-ffe00000 ---p 00000000 00:00 0 
ffe00000-ffe76000 rw-p 00c9c000 08:02 4075601                            /home/david-cruz/.jdks/temurin-17.0.7/lib/server/classes.jsa
ffe76000-fff00000 rw-p 00000000 00:00 0 
fff00000-fff82000 rw-p 00c1a000 08:02 4075601                            /home/david-cruz/.jdks/temurin-17.0.7/lib/server/classes.jsa
fff82000-100000000 rw-p 00000000 00:00 0 
800000000-800458000 rw-p 00001000 08:02 4075601                          /home/david-cruz/.jdks/temurin-17.0.7/lib/server/classes.jsa
800458000-800be1000 r--p 00459000 08:02 4075601                          /home/david-cruz/.jdks/temurin-17.0.7/lib/server/classes.jsa
800be1000-801000000 ---p 00000000 00:00 0 
801000000-801030000 rw-p 00000000 00:00 0 
801030000-8010b0000 rw-p 00000000 00:00 0 
8010b0000-8010f0000 rw-p 00000000 00:00 0 
8010f0000-801330000 rw-p 00000000 00:00 0 
801330000-801370000 rw-p 00000000 00:00 0 
801370000-801490000 rw-p 00000000 00:00 0 
801490000-8014b0000 rw-p 00000000 00:00 0 
8014b0000-8015e0000 rw-p 00000000 00:00 0 
8015e0000-801600000 ---p 00000000 00:00 0 
801600000-801aa0000 rw-p 00000000 00:00 0 
801aa0000-841000000 ---p 00000000 00:00 0 
5630d59ae000-5630d59af000 r--p 00000000 08:02 4075541                    /home/david-cruz/.jdks/temurin-17.0.7/bin/java
5630d59af000-5630d59b0000 r-xp 00001000 08:02 4075541                    /home/david-cruz/.jdks/temurin-17.0.7/bin/java
5630d59b0000-5630d59b1000 r--p 00002000 08:02 4075541                    /home/david-cruz/.jdks/temurin-17.0.7/bin/java
5630d59b1000-5630d59b2000 r--p 00002000 08:02 4075541                    /home/david-cruz/.jdks/temurin-17.0.7/bin/java
5630d59b2000-5630d59b3000 rw-p 00003000 08:02 4075541                    /home/david-cruz/.jdks/temurin-17.0.7/bin/java
5630d63de000-5630d6428000 rw-p 00000000 00:00 0                          [heap]
7f8c9f400000-7f8c9f404000 ---p 00000000 00:00 0 
7f8c9f404000-7f8c9f500000 rw-p 00000000 00:00 0 
7f8c9f500000-7f8c9f504000 ---p 00000000 00:00 0 
7f8c9f504000-7f8c9f600000 rw-p 00000000 00:00 0 
7f8c9f600000-7f8c9f604000 ---p 00000000 00:00 0 
7f8c9f604000-7f8c9f700000 rw-p 00000000 00:00 0 
7f8c9f700000-7f8c9f704000 ---p 00000000 00:00 0 
7f8c9f704000-7f8c9f800000 rw-p 00000000 00:00 0 
7f8c9f800000-7f8c9f804000 ---p 00000000 00:00 0 
7f8c9f804000-7f8c9f900000 rw-p 00000000 00:00 0 
7f8c9f900000-7f8c9f904000 ---p 00000000 00:00 0 
7f8c9f904000-7f8c9fa00000 rw-p 00000000 00:00 0 
7f8c9fa00000-7f8c9fa04000 ---p 00000000 00:00 0 
7f8c9fa04000-7f8c9fb00000 rw-p 00000000 00:00 0 
7f8c9fb00000-7f8c9fb04000 ---p 00000000 00:00 0 
7f8c9fb04000-7f8c9fc00000 rw-p 00000000 00:00 0 
7f8c9fc00000-7f8c9fc04000 ---p 00000000 00:00 0 
7f8c9fc04000-7f8c9fd00000 rw-p 00000000 00:00 0 
7f8c9fd00000-7f8c9fd04000 ---p 00000000 00:00 0 
7f8c9fd04000-7f8c9fe00000 rw-p 00000000 00:00 0 
7f8c9fe00000-7f8c9fe04000 ---p 00000000 00:00 0 
7f8c9fe04000-7f8c9ff00000 rw-p 00000000 00:00 0 
7f8c9ff00000-7f8c9ff04000 ---p 00000000 00:00 0 
7f8c9ff04000-7f8ca0021000 rw-p 00000000 00:00 0 
7f8ca0021000-7f8ca4000000 ---p 00000000 00:00 0 
7f8ca4000000-7f8ca4021000 rw-p 00000000 00:00 0 
7f8ca4021000-7f8ca8000000 ---p 00000000 00:00 0 
7f8ca8000000-7f8ca8021000 rw-p 00000000 00:00 0 
7f8ca8021000-7f8cac000000 ---p 00000000 00:00 0 
7f8cac000000-7f8cac241000 rw-p 00000000 00:00 0 
7f8cac241000-7f8cb0000000 ---p 00000000 00:00 0 
7f8cb0000000-7f8cb0292000 rw-p 00000000 00:00 0 
7f8cb0292000-7f8cb4000000 ---p 00000000 00:00 0 
7f8cb4000000-7f8cb404b000 rw-p 00000000 00:00 0 
7f8cb404b000-7f8cb8000000 ---p 00000000 00:00 0 
7f8cb8000000-7f8cb8021000 rw-p 00000000 00:00 0 
7f8cb8021000-7f8cbc000000 ---p 00000000 00:00 0 
7f8cbc000000-7f8cbc0c8000 rw-p 00000000 00:00 0 
7f8cbc0c8000-7f8cc0000000 ---p 00000000 00:00 0 
7f8cc0000000-7f8cc1a0e000 rw-p 00000000 00:00 0 
7f8cc1a0e000-7f8cc4000000 ---p 00000000 00:00 0 
7f8cc4000000-7f8cc4040000 rw-p 00000000 00:00 0 
7f8cc4040000-7f8cc8000000 ---p 00000000 00:00 0 
7f8cc8000000-7f8cc8045000 rw-p 00000000 00:00 0 
7f8cc8045000-7f8ccc000000 ---p 00000000 00:00 0 
7f8ccc000000-7f8ccc021000 rw-p 00000000 00:00 0 
7f8ccc021000-7f8cd0000000 ---p 00000000 00:00 0 
7f8cd0000000-7f8cd0021000 rw-p 00000000 00:00 0 
7f8cd0021000-7f8cd4000000 ---p 00000000 00:00 0 
7f8cd4000000-7f8cd4021000 rw-p 00000000 00:00 0 
7f8cd4021000-7f8cd8000000 ---p 00000000 00:00 0 
7f8cd8000000-7f8cd8021000 rw-p 00000000 00:00 0 
7f8cd8021000-7f8cdc000000 ---p 00000000 00:00 0 
7f8cdc000000-7f8cdc021000 rw-p 00000000 00:00 0 
7f8cdc021000-7f8ce0000000 ---p 00000000 00:00 0 
7f8ce0000000-7f8ce08fe000 rw-p 00000000 00:00 0 
7f8ce08fe000-7f8ce4000000 ---p 00000000 00:00 0 
7f8ce4000000-7f8ce4039000 rw-p 00000000 00:00 0 
7f8ce4039000-7f8ce8000000 ---p 00000000 00:00 0 
7f8ce8000000-7f8ce8021000 rw-p 00000000 00:00 0 
7f8ce8021000-7f8cec000000 ---p 00000000 00:00 0 
7f8cec000000-7f8cede61000 rw-p 00000000 00:00 0 
7f8cede61000-7f8cf0000000 ---p 00000000 00:00 0 
7f8cf0000000-7f8cf0021000 rw-p 00000000 00:00 0 
7f8cf0021000-7f8cf4000000 ---p 00000000 00:00 0 
7f8cf4000000-7f8cf4414000 rw-p 00000000 00:00 0 
7f8cf4414000-7f8cf8000000 ---p 00000000 00:00 0 
7f8cf8000000-7f8cf8021000 rw-p 00000000 00:00 0 
7f8cf8021000-7f8cfc000000 ---p 00000000 00:00 0 
7f8cfc000000-7f8cfc021000 rw-p 00000000 00:00 0 
7f8cfc021000-7f8d00000000 ---p 00000000 00:00 0 
7f8d00000000-7f8d00961000 rw-p 00000000 00:00 0 
7f8d00961000-7f8d04000000 ---p 00000000 00:00 0 
7f8d04000000-7f8d04021000 rw-p 00000000 00:00 0 
7f8d04021000-7f8d08000000 ---p 00000000 00:00 0 
7f8d08000000-7f8d083f0000 rw-p 00000000 00:00 0 
7f8d083f0000-7f8d08b70000 rw-p 00000000 00:00 0 
7f8d08b70000-7f8d08bf0000 rw-p 00000000 00:00 0 
7f8d08bf0000-7f8d08db0000 rw-p 00000000 00:00 0 
7f8d08db0000-7f8d08df0000 rw-p 00000000 00:00 0 
7f8d08df0000-7f8d09170000 rw-p 00000000 00:00 0 
7f8d09170000-7f8d091f0000 rw-p 00000000 00:00 0 
7f8d091f0000-7f8d096f0000 rw-p 00000000 00:00 0 
7f8d096f0000-7f8d097f0000 rw-p 00000000 00:00 0 
7f8d097f0000-7f8d09970000 rw-p 00000000 00:00 0 
7f8d09970000-7f8d099f0000 rw-p 00000000 00:00 0 
7f8d099f0000-7f8d09d70000 rw-p 00000000 00:00 0 
7f8d09d70000-7f8d09e30000 rw-p 00000000 00:00 0 
7f8d09e30000-7f8d09e70000 rw-p 00000000 00:00 0 
7f8d09e70000-7f8d09ef0000 rw-p 00000000 00:00 0 
7f8d09ef0000-7f8d0a0f0000 rw-p 00000000 00:00 0 
7f8d0a0f0000-7f8d0ab70000 rw-p 00000000 00:00 0 
7f8d0ab70000-7f8d0abf0000 rw-p 00000000 00:00 0 
7f8d0abf0000-7f8d0bd70000 rw-p 00000000 00:00 0 
7f8d0bd70000-7f8d0bdf0000 rw-p 00000000 00:00 0 
7f8d0bdf0000-7f8d0be00000 ---p 00000000 00:00 0 
7f8d0be00000-7f8d0bf80000 rw-p 00000000 00:00 0 
7f8d0bf80000-7f8d0c000000 ---p 00000000 00:00 0 
7f8d0c000000-7f8d0c021000 rw-p 00000000 00:00 0 
7f8d0c021000-7f8d10000000 ---p 00000000 00:00 0 
7f8d100f8000-7f8d100fc000 ---p 00000000 00:00 0 
7f8d100fc000-7f8d101f8000 rw-p 00000000 00:00 0 
7f8d101f8000-7f8d101fc000 ---p 00000000 00:00 0 
7f8d101fc000-7f8d102f8000 rw-p 00000000 00:00 0 
7f8d102f8000-7f8d102fc000 ---p 00000000 00:00 0 
7f8d102fc000-7f8d103f8000 rw-p 00000000 00:00 0 
7f8d103f8000-7f8d103fc000 ---p 00000000 00:00 0 
7f8d103fc000-7f8d104f8000 rw-p 00000000 00:00 0 
7f8d104f8000-7f8d104fc000 ---p 00000000 00:00 0 
7f8d104fc000-7f8d105f8000 rw-p 00000000 00:00 0 
7f8d105f8000-7f8d105fc000 ---p 00000000 00:00 0 
7f8d105fc000-7f8d106f8000 rw-p 00000000 00:00 0 
7f8d106f8000-7f8d106fc000 ---p 00000000 00:00 0 
7f8d106fc000-7f8d107f8000 rw-p 00000000 00:00 0 
7f8d107f8000-7f8d107fc000 ---p 00000000 00:00 0 
7f8d107fc000-7f8d108f8000 rw-p 00000000 00:00 0 
7f8d108f8000-7f8d108fc000 ---p 00000000 00:00 0 
7f8d108fc000-7f8d109f8000 rw-p 00000000 00:00 0 
7f8d109f8000-7f8d109f9000 ---p 00000000 00:00 0 
7f8d109f9000-7f8d10afa000 rw-p 00000000 00:00 0 
7f8d10afa000-7f8d10afb000 ---p 00000000 00:00 0 
7f8d10afb000-7f8d10bfc000 rw-p 00000000 00:00 0 
7f8d10bfc000-7f8d10c00000 ---p 00000000 00:00 0 
7f8d10c00000-7f8d10cfc000 rw-p 00000000 00:00 0 
7f8d10cfc000-7f8d10d00000 ---p 00000000 00:00 0 
7f8d10d00000-7f8d10dfc000 rw-p 00000000 00:00 0 
7f8d10dfc000-7f8d10dfd000 ---p 00000000 00:00 0 
7f8d10dfd000-7f8d10efe000 rw-p 00000000 00:00 0 
7f8d10efe000-7f8d10eff000 ---p 00000000 00:00 0 
7f8d10eff000-7f8d11000000 rw-p 00000000 00:00 0 
7f8d11000000-7f8d11004000 ---p 00000000 00:00 0 
7f8d11004000-7f8d11100000 rw-p 00000000 00:00 0 
7f8d11100000-7f8d11104000 ---p 00000000 00:00 0 
7f8d11104000-7f8d11200000 rw-p 00000000 00:00 0 
7f8d11200000-7f8d11204000 ---p 00000000 00:00 0 
7f8d11204000-7f8d11300000 rw-p 00000000 00:00 0 
7f8d11300000-7f8d11304000 ---p 00000000 00:00 0 
7f8d11304000-7f8d11400000 rw-p 00000000 00:00 0 
7f8d11400000-7f8d11404000 ---p 00000000 00:00 0 
7f8d11404000-7f8d11500000 rw-p 00000000 00:00 0 
7f8d11500000-7f8d11504000 ---p 00000000 00:00 0 
7f8d11504000-7f8d11600000 rw-p 00000000 00:00 0 
7f8d11600000-7f8d11604000 ---p 00000000 00:00 0 
7f8d11604000-7f8d11700000 rw-p 00000000 00:00 0 
7f8d11700000-7f8d11704000 ---p 00000000 00:00 0 
7f8d11704000-7f8d11800000 rw-p 00000000 00:00 0 
7f8d11800000-7f8d11a78000 r--p 00000000 08:02 5637267                    /usr/share/runtime/locale/pt/lib/pt_BR.utf8/LC_COLLATE
7f8d11ab0000-7f8d11ad5000 r--p 00000000 08:02 6033311                    /usr/share/runtime/locale/pt/share/pt_BR/LC_MESSAGES/libc.mo
7f8d11ad5000-7f8d11ad9000 ---p 00000000 00:00 0 
7f8d11ad9000-7f8d11bd5000 rw-p 00000000 00:00 0 
7f8d11bd5000-7f8d11c2d000 r--p 00000000 08:02 6032978                    /usr/share/runtime/locale/pt/lib/pt_BR.utf8/LC_CTYPE
7f8d11c2d000-7f8d11c31000 ---p 00000000 00:00 0 
7f8d11c31000-7f8d11d2d000 rw-p 00000000 00:00 0 
7f8d11d2d000-7f8d11d31000 ---p 00000000 00:00 0 
7f8d11d31000-7f8d11e2d000 rw-p 00000000 00:00 0 
7f8d11e2d000-7f8d11e2e000 ---p 00000000 00:00 0 
7f8d11e2e000-7f8d11f2f000 rw-p 00000000 00:00 0 
7f8d11f2f000-7f8d11f34000 r--p 00000000 08:02 4075606                    /home/david-cruz/.jdks/temurin-17.0.7/lib/libjsvml.so
7f8d11f34000-7f8d11f75000 r-xp 00005000 08:02 4075606                    /home/david-cruz/.jdks/temurin-17.0.7/lib/libjsvml.so
7f8d11f75000-7f8d11ffe000 r--p 00046000 08:02 4075606                    /home/david-cruz/.jdks/temurin-17.0.7/lib/libjsvml.so
7f8d11ffe000-7f8d11fff000 r--p 000ce000 08:02 4075606                    /home/david-cruz/.jdks/temurin-17.0.7/lib/libjsvml.so
7f8d11fff000-7f8d12000000 rw-p 000cf000 08:02 4075606                    /home/david-cruz/.jdks/temurin-17.0.7/lib/libjsvml.so
7f8d12000000-7f8d14021000 rw-p 00000000 00:00 0 
7f8d14021000-7f8d18000000 ---p 00000000 00:00 0 
7f8d18000000-7f8d18021000 rw-p 00000000 00:00 0 
7f8d18021000-7f8d1c000000 ---p 00000000 00:00 0 
7f8d1c000000-7f8d1c021000 rw-p 00000000 00:00 0 
7f8d1c021000-7f8d20000000 ---p 00000000 00:00 0 
7f8d20012000-7f8d20016000 r--p 00000000 08:02 4075596                    /home/david-cruz/.jdks/temurin-17.0.7/lib/libnet.so
7f8d20016000-7f8d20024000 r-xp 00004000 08:02 4075596                    /home/david-cruz/.jdks/temurin-17.0.7/lib/libnet.so
7f8d20024000-7f8d20028000 r--p 00012000 08:02 4075596                    /home/david-cruz/.jdks/temurin-17.0.7/lib/libnet.so
7f8d20028000-7f8d20029000 r--p 00015000 08:02 4075596                    /home/david-cruz/.jdks/temurin-17.0.7/lib/libnet.so
7f8d20029000-7f8d2002a000 rw-p 00016000 08:02 4075596                    /home/david-cruz/.jdks/temurin-17.0.7/lib/libnet.so
7f8d2002a000-7f8d20031000 r--p 00000000 08:02 4075603                    /home/david-cruz/.jdks/temurin-17.0.7/lib/libnio.so
7f8d20031000-7f8d2003a000 r-xp 00007000 08:02 4075603                    /home/david-cruz/.jdks/temurin-17.0.7/lib/libnio.so
7f8d2003a000-7f8d2003e000 r--p 00010000 08:02 4075603                    /home/david-cruz/.jdks/temurin-17.0.7/lib/libnio.so
7f8d2003e000-7f8d2003f000 ---p 00014000 08:02 4075603                    /home/david-cruz/.jdks/temurin-17.0.7/lib/libnio.so
7f8d2003f000-7f8d20040000 r--p 00014000 08:02 4075603                    /home/david-cruz/.jdks/temurin-17.0.7/lib/libnio.so
7f8d20040000-7f8d20041000 rw-p 00015000 08:02 4075603                    /home/david-cruz/.jdks/temurin-17.0.7/lib/libnio.so
7f8d20041000-7f8d200c2000 rw-p 00000000 00:00 0 
7f8d200c2000-7f8d200c3000 ---p 00000000 00:00 0 
7f8d200c3000-7f8d201c4000 rw-p 00000000 00:00 0 
7f8d201c4000-7f8d201c5000 ---p 00000000 00:00 0 
7f8d201c5000-7f8d205f0000 rw-p 00000000 00:00 0 
7f8d205f0000-7f8d205f4000 ---p 00000000 00:00 0 
7f8d205f4000-7f8d205f8000 rw-p 00000000 00:00 0 
7f8d205f8000-7f8d213f8000 ---p 00000000 00:00 0 
7f8d213f8000-7f8d21400000 rw-p 00000000 00:00 0 
7f8d21400000-7f8d21fc0000 rwxp 00000000 00:00 0 
7f8d21fc0000-7f8d28937000 ---p 00000000 00:00 0 
7f8d28937000-7f8d28ba7000 rwxp 00000000 00:00 0 
7f8d28ba7000-7f8d28ec8000 ---p 00000000 00:00 0 
7f8d28ec8000-7f8d29168000 rwxp 00000000 00:00 0 
7f8d29168000-7f8d30400000 ---p 00000000 00:00 0 
7f8d30400000-7f8d37f92000 r--s 00000000 08:02 4075562                    /home/david-cruz/.jdks/temurin-17.0.7/lib/modules
7f8d37f95000-7f8d37f99000 r--p 00000000 08:02 4075590                    /home/david-cruz/.jdks/temurin-17.0.7/lib/libverify.so
7f8d37f99000-7f8d37fa0000 r-xp 00004000 08:02 4075590                    /home/david-cruz/.jdks/temurin-17.0.7/lib/libverify.so
7f8d37fa0000-7f8d37fa2000 r--p 0000b000 08:02 4075590                    /home/david-cruz/.jdks/temurin-17.0.7/lib/libverify.so
7f8d37fa2000-7f8d37fa4000 r--p 0000c000 08:02 4075590                    /home/david-cruz/.jdks/temurin-17.0.7/lib/libverify.so
7f8d37fa4000-7f8d37fa5000 rw-p 0000e000 08:02 4075590                    /home/david-cruz/.jdks/temurin-17.0.7/lib/libverify.so
7f8d37fa5000-7f8d3861f000 rw-p 00000000 00:00 0 
7f8d3861f000-7f8d3c000000 ---p 00000000 00:00 0 
7f8d3c007000-7f8d3c24a000 rw-p 00000000 00:00 0 
7f8d3c24a000-7f8d3c24b000 ---p 00000000 00:00 0 
7f8d3c24b000-7f8d3c34c000 rw-p 00000000 00:00 0 
7f8d3c34c000-7f8d3c34d000 ---p 00000000 00:00 0 
7f8d3c34d000-7f8d3c44e000 rw-p 00000000 00:00 0 
7f8d3c44e000-7f8d3c44f000 ---p 00000000 00:00 0 
7f8d3c44f000-7f8d3c678000 rw-p 00000000 00:00 0 
7f8d3c678000-7f8d3c67c000 ---p 00000000 00:00 0 
7f8d3c67c000-7f8d3c680000 rw-p 00000000 00:00 0 
7f8d3c680000-7f8d3d480000 ---p 00000000 00:00 0 
7f8d3d480000-7f8d3d4ae000 rw-p 00000000 00:00 0 
7f8d3d4ae000-7f8d3d66e000 ---p 00000000 00:00 0 
7f8d3d66e000-7f8d3d695000 rw-p 00000000 00:00 0 
7f8d3d695000-7f8d3d855000 ---p 00000000 00:00 0 
7f8d3d855000-7f8d3d87c000 rw-p 00000000 00:00 0 
7f8d3d87c000-7f8d3da3c000 ---p 00000000 00:00 0 
7f8d3da3c000-7f8d3de47000 rw-p 00000000 00:00 0 
7f8d3de47000-7f8d3df2c000 ---p 00000000 00:00 0 
7f8d3df2c000-7f8d3df44000 rw-p 00000000 00:00 0 
7f8d3df44000-7f8d3e017000 ---p 00000000 00:00 0 
7f8d3e017000-7f8d3e01b000 ---p 00000000 00:00 0 
7f8d3e01b000-7f8d3e117000 rw-p 00000000 00:00 0 
7f8d3e117000-7f8d3e127000 r--p 00000000 08:02 5642665                    /usr/lib/x86_64-linux-gnu/libm.so.6
7f8d3e127000-7f8d3e1a3000 r-xp 00010000 08:02 5642665                    /usr/lib/x86_64-linux-gnu/libm.so.6
7f8d3e1a3000-7f8d3e1fe000 r--p 0008c000 08:02 5642665                    /usr/lib/x86_64-linux-gnu/libm.so.6
7f8d3e1fe000-7f8d3e1ff000 r--p 000e6000 08:02 5642665                    /usr/lib/x86_64-linux-gnu/libm.so.6
7f8d3e1ff000-7f8d3e200000 rw-p 000e7000 08:02 5642665                    /usr/lib/x86_64-linux-gnu/libm.so.6
7f8d3e200000-7f8d3e452000 r--p 00000000 08:02 4075598                    /home/david-cruz/.jdks/temurin-17.0.7/lib/server/libjvm.so
7f8d3e452000-7f8d3f172000 r-xp 00252000 08:02 4075598                    /home/david-cruz/.jdks/temurin-17.0.7/lib/server/libjvm.so
7f8d3f172000-7f8d3f3fe000 r--p 00f72000 08:02 4075598                    /home/david-cruz/.jdks/temurin-17.0.7/lib/server/libjvm.so
7f8d3f3fe000-7f8d3f3ff000 ---p 011fe000 08:02 4075598                    /home/david-cruz/.jdks/temurin-17.0.7/lib/server/libjvm.so
7f8d3f3ff000-7f8d3f4b8000 r--p 011fe000 08:02 4075598                    /home/david-cruz/.jdks/temurin-17.0.7/lib/server/libjvm.so
7f8d3f4b8000-7f8d3f4ed000 rw-p 012b7000 08:02 4075598                    /home/david-cruz/.jdks/temurin-17.0.7/lib/server/libjvm.so
7f8d3f4ed000-7f8d3f547000 rw-p 00000000 00:00 0 
7f8d3f548000-7f8d3f54a000 r--p 00000000 08:02 4075578                    /home/david-cruz/.jdks/temurin-17.0.7/lib/libmanagement_ext.so
7f8d3f54a000-7f8d3f54d000 r-xp 00002000 08:02 4075578                    /home/david-cruz/.jdks/temurin-17.0.7/lib/libmanagement_ext.so
7f8d3f54d000-7f8d3f54e000 r--p 00005000 08:02 4075578                    /home/david-cruz/.jdks/temurin-17.0.7/lib/libmanagement_ext.so
7f8d3f54e000-7f8d3f54f000 ---p 00006000 08:02 4075578                    /home/david-cruz/.jdks/temurin-17.0.7/lib/libmanagement_ext.so
7f8d3f54f000-7f8d3f550000 r--p 00006000 08:02 4075578                    /home/david-cruz/.jdks/temurin-17.0.7/lib/libmanagement_ext.so
7f8d3f550000-7f8d3f551000 rw-p 00007000 08:02 4075578                    /home/david-cruz/.jdks/temurin-17.0.7/lib/libmanagement_ext.so
7f8d3f551000-7f8d3f554000 r--p 00000000 08:02 4075573                    /home/david-cruz/.jdks/temurin-17.0.7/lib/libmanagement.so
7f8d3f554000-7f8d3f555000 r-xp 00003000 08:02 4075573                    /home/david-cruz/.jdks/temurin-17.0.7/lib/libmanagement.so
7f8d3f555000-7f8d3f556000 r--p 00004000 08:02 4075573                    /home/david-cruz/.jdks/temurin-17.0.7/lib/libmanagement.so
7f8d3f556000-7f8d3f557000 r--p 00004000 08:02 4075573                    /home/david-cruz/.jdks/temurin-17.0.7/lib/libmanagement.so
7f8d3f557000-7f8d3f558000 rw-p 00005000 08:02 4075573                    /home/david-cruz/.jdks/temurin-17.0.7/lib/libmanagement.so
7f8d3f558000-7f8d3f559000 r--p 00000000 08:02 4075602                    /home/david-cruz/.jdks/temurin-17.0.7/lib/libextnet.so
7f8d3f559000-7f8d3f55a000 r-xp 00001000 08:02 4075602                    /home/david-cruz/.jdks/temurin-17.0.7/lib/libextnet.so
7f8d3f55a000-7f8d3f55b000 r--p 00002000 08:02 4075602                    /home/david-cruz/.jdks/temurin-17.0.7/lib/libextnet.so
7f8d3f55b000-7f8d3f55c000 r--p 00002000 08:02 4075602                    /home/david-cruz/.jdks/temurin-17.0.7/lib/libextnet.so
7f8d3f55c000-7f8d3f55d000 rw-p 00003000 08:02 4075602                    /home/david-cruz/.jdks/temurin-17.0.7/lib/libextnet.so
7f8d3f55d000-7f8d3f55f000 r--p 00000000 08:02 4075576                    /home/david-cruz/.jdks/temurin-17.0.7/lib/libzip.so
7f8d3f55f000-7f8d3f563000 r-xp 00002000 08:02 4075576                    /home/david-cruz/.jdks/temurin-17.0.7/lib/libzip.so
7f8d3f563000-7f8d3f565000 r--p 00006000 08:02 4075576                    /home/david-cruz/.jdks/temurin-17.0.7/lib/libzip.so
7f8d3f565000-7f8d3f566000 r--p 00007000 08:02 4075576                    /home/david-cruz/.jdks/temurin-17.0.7/lib/libzip.so
7f8d3f566000-7f8d3f567000 rw-p 00008000 08:02 4075576                    /home/david-cruz/.jdks/temurin-17.0.7/lib/libzip.so
7f8d3f567000-7f8d3f568000 r--p 00000000 08:02 5637315                    /usr/share/runtime/locale/pt/lib/pt_BR.utf8/LC_NUMERIC
7f8d3f568000-7f8d3f569000 r--p 00000000 08:02 5636976                    /usr/share/runtime/locale/pt/lib/pt_BR.utf8/LC_TIME
7f8d3f569000-7f8d3f56a000 r--p 00000000 08:02 5637228                    /usr/share/runtime/locale/pt/lib/pt_BR.utf8/LC_MONETARY
7f8d3f56a000-7f8d3f56b000 r--p 00000000 08:02 5637262                    /usr/share/runtime/locale/pt/lib/pt_BR.utf8/LC_MESSAGES/SYS_LC_MESSAGES
7f8d3f56b000-7f8d3f56c000 r--p 00000000 08:02 5637284                    /usr/share/runtime/locale/pt/lib/pt_BR.utf8/LC_PAPER
7f8d3f56c000-7f8d3f56d000 r--p 00000000 08:02 5636987                    /usr/share/runtime/locale/pt/lib/pt_BR.utf8/LC_NAME
7f8d3f56d000-7f8d3f56e000 r--p 00000000 08:02 5636965                    /usr/share/runtime/locale/pt/lib/pt_BR.utf8/LC_ADDRESS
7f8d3f56e000-7f8d3f575000 r--s 00000000 08:02 6057692                    /usr/lib/x86_64-linux-gnu/gconv/gconv-modules.cache
7f8d3f575000-7f8d3f59b000 rw-p 00000000 00:00 0 
7f8d3f59b000-7f8d3f5a2000 ---p 00000000 00:00 0 
7f8d3f5a2000-7f8d3f5af000 r--p 00000000 08:02 4075605                    /home/david-cruz/.jdks/temurin-17.0.7/lib/libjava.so
7f8d3f5af000-7f8d3f5c1000 r-xp 0000d000 08:02 4075605                    /home/david-cruz/.jdks/temurin-17.0.7/lib/libjava.so
7f8d3f5c1000-7f8d3f5c7000 r--p 0001f000 08:02 4075605                    /home/david-cruz/.jdks/temurin-17.0.7/lib/libjava.so
7f8d3f5c7000-7f8d3f5c8000 ---p 00025000 08:02 4075605                    /home/david-cruz/.jdks/temurin-17.0.7/lib/libjava.so
7f8d3f5c8000-7f8d3f5c9000 r--p 00025000 08:02 4075605                    /home/david-cruz/.jdks/temurin-17.0.7/lib/libjava.so
7f8d3f5c9000-7f8d3f5ca000 rw-p 00026000 08:02 4075605                    /home/david-cruz/.jdks/temurin-17.0.7/lib/libjava.so
7f8d3f5ca000-7f8d3f5cb000 rw-p 00000000 00:00 0 
7f8d3f5cb000-7f8d3f5cd000 r--p 00000000 08:02 4075581                    /home/david-cruz/.jdks/temurin-17.0.7/lib/libinstrument.so
7f8d3f5cd000-7f8d3f5d3000 r-xp 00002000 08:02 4075581                    /home/david-cruz/.jdks/temurin-17.0.7/lib/libinstrument.so
7f8d3f5d3000-7f8d3f5d6000 r--p 00008000 08:02 4075581                    /home/david-cruz/.jdks/temurin-17.0.7/lib/libinstrument.so
7f8d3f5d6000-7f8d3f5d7000 r--p 0000a000 08:02 4075581                    /home/david-cruz/.jdks/temurin-17.0.7/lib/libinstrument.so
7f8d3f5d7000-7f8d3f5d8000 rw-p 0000b000 08:02 4075581                    /home/david-cruz/.jdks/temurin-17.0.7/lib/libinstrument.so
7f8d3f5d8000-7f8d3f5dc000 r--p 00000000 08:02 4075607                    /home/david-cruz/.jdks/temurin-17.0.7/lib/libjimage.so
7f8d3f5dc000-7f8d3f5ef000 r-xp 00004000 08:02 4075607                    /home/david-cruz/.jdks/temurin-17.0.7/lib/libjimage.so
7f8d3f5ef000-7f8d3f5f5000 r--p 00017000 08:02 4075607                    /home/david-cruz/.jdks/temurin-17.0.7/lib/libjimage.so
7f8d3f5f5000-7f8d3f5f7000 r--p 0001c000 08:02 4075607                    /home/david-cruz/.jdks/temurin-17.0.7/lib/libjimage.so
7f8d3f5f7000-7f8d3f5f8000 rw-p 0001e000 08:02 4075607                    /home/david-cruz/.jdks/temurin-17.0.7/lib/libjimage.so
7f8d3f5f8000-7f8d3f5f9000 r--p 00000000 08:02 5643523                    /usr/lib/x86_64-linux-gnu/librt.so.1
7f8d3f5f9000-7f8d3f5fa000 r-xp 00001000 08:02 5643523                    /usr/lib/x86_64-linux-gnu/librt.so.1
7f8d3f5fa000-7f8d3f5fb000 r--p 00002000 08:02 5643523                    /usr/lib/x86_64-linux-gnu/librt.so.1
7f8d3f5fb000-7f8d3f5fc000 r--p 00002000 08:02 5643523                    /usr/lib/x86_64-linux-gnu/librt.so.1
7f8d3f5fc000-7f8d3f5fd000 rw-p 00003000 08:02 5643523                    /usr/lib/x86_64-linux-gnu/librt.so.1
7f8d3f5fd000-7f8d3f5ff000 rw-p 00000000 00:00 0 
7f8d3f5ff000-7f8d3f625000 r--p 00000000 08:02 5643547                    /usr/lib/x86_64-linux-gnu/libc.so.6
7f8d3f625000-7f8d3f78b000 r-xp 00026000 08:02 5643547                    /usr/lib/x86_64-linux-gnu/libc.so.6
7f8d3f78b000-7f8d3f7d9000 r--p 0018c000 08:02 5643547                    /usr/lib/x86_64-linux-gnu/libc.so.6
7f8d3f7d9000-7f8d3f7dd000 r--p 001d9000 08:02 5643547                    /usr/lib/x86_64-linux-gnu/libc.so.6
7f8d3f7dd000-7f8d3f7df000 rw-p 001dd000 08:02 5643547                    /usr/lib/x86_64-linux-gnu/libc.so.6
7f8d3f7df000-7f8d3f7ec000 rw-p 00000000 00:00 0 
7f8d3f7ec000-7f8d3f7ed000 r--p 00000000 08:02 5643437                    /usr/lib/x86_64-linux-gnu/libdl.so.2
7f8d3f7ed000-7f8d3f7ee000 r-xp 00001000 08:02 5643437                    /usr/lib/x86_64-linux-gnu/libdl.so.2
7f8d3f7ee000-7f8d3f7ef000 r--p 00002000 08:02 5643437                    /usr/lib/x86_64-linux-gnu/libdl.so.2
7f8d3f7ef000-7f8d3f7f0000 r--p 00002000 08:02 5643437                    /usr/lib/x86_64-linux-gnu/libdl.so.2
7f8d3f7f0000-7f8d3f7f1000 rw-p 00003000 08:02 5643437                    /usr/lib/x86_64-linux-gnu/libdl.so.2
7f8d3f7f1000-7f8d3f7f2000 r--p 00000000 08:02 5642532                    /usr/lib/x86_64-linux-gnu/libpthread.so.0
7f8d3f7f2000-7f8d3f7f3000 r-xp 00001000 08:02 5642532                    /usr/lib/x86_64-linux-gnu/libpthread.so.0
7f8d3f7f3000-7f8d3f7f4000 r--p 00002000 08:02 5642532                    /usr/lib/x86_64-linux-gnu/libpthread.so.0
7f8d3f7f4000-7f8d3f7f5000 r--p 00002000 08:02 5642532                    /usr/lib/x86_64-linux-gnu/libpthread.so.0
7f8d3f7f5000-7f8d3f7f6000 rw-p 00003000 08:02 5642532                    /usr/lib/x86_64-linux-gnu/libpthread.so.0
7f8d3f7f6000-7f8d3f7f9000 r--p 00000000 08:02 4075575                    /home/david-cruz/.jdks/temurin-17.0.7/lib/libjli.so
7f8d3f7f9000-7f8d3f803000 r-xp 00003000 08:02 4075575                    /home/david-cruz/.jdks/temurin-17.0.7/lib/libjli.so
7f8d3f803000-7f8d3f806000 r--p 0000d000 08:02 4075575                    /home/david-cruz/.jdks/temurin-17.0.7/lib/libjli.so
7f8d3f806000-7f8d3f807000 ---p 00010000 08:02 4075575                    /home/david-cruz/.jdks/temurin-17.0.7/lib/libjli.so
7f8d3f807000-7f8d3f808000 r--p 00010000 08:02 4075575                    /home/david-cruz/.jdks/temurin-17.0.7/lib/libjli.so
7f8d3f808000-7f8d3f809000 rw-p 00011000 08:02 4075575                    /home/david-cruz/.jdks/temurin-17.0.7/lib/libjli.so
7f8d3f809000-7f8d3f80c000 r--p 00000000 08:02 6051940                    /usr/lib/x86_64-linux-gnu/libz.so.1.3
7f8d3f80c000-7f8d3f81b000 r-xp 00003000 08:02 6051940                    /usr/lib/x86_64-linux-gnu/libz.so.1.3
7f8d3f81b000-7f8d3f821000 r--p 00012000 08:02 6051940                    /usr/lib/x86_64-linux-gnu/libz.so.1.3
7f8d3f821000-7f8d3f822000 r--p 00018000 08:02 6051940                    /usr/lib/x86_64-linux-gnu/libz.so.1.3
7f8d3f822000-7f8d3f823000 rw-p 00019000 08:02 6051940                    /usr/lib/x86_64-linux-gnu/libz.so.1.3
7f8d3f823000-7f8d3f824000 r--p 00000000 08:02 5636942                    /usr/share/runtime/locale/pt/lib/pt_BR.utf8/LC_TELEPHONE
7f8d3f824000-7f8d3f825000 r--p 00000000 08:02 5637289                    /usr/share/runtime/locale/pt/lib/pt_BR.utf8/LC_MEASUREMENT
7f8d3f825000-7f8d3f826000 r--p 00000000 08:02 5637333                    /usr/share/runtime/locale/pt/lib/pt_BR.utf8/LC_IDENTIFICATION
7f8d3f826000-7f8d3f82e000 rw-s 00000000 00:2d 536                        /tmp/hsperfdata_david-cruz/1727
7f8d3f82e000-7f8d3f82f000 ---p 00000000 00:00 0 
7f8d3f82f000-7f8d3f830000 r--p 00000000 00:00 0 
7f8d3f830000-7f8d3f831000 ---p 00000000 00:00 0 
7f8d3f831000-7f8d3f833000 rw-p 00000000 00:00 0 
7f8d3f833000-7f8d3f834000 r--p 00000000 08:02 5642222                    /usr/lib/x86_64-linux-gnu/ld-linux-x86-64.so.2
7f8d3f834000-7f8d3f85b000 r-xp 00001000 08:02 5642222                    /usr/lib/x86_64-linux-gnu/ld-linux-x86-64.so.2
7f8d3f85b000-7f8d3f865000 r--p 00028000 08:02 5642222                    /usr/lib/x86_64-linux-gnu/ld-linux-x86-64.so.2
7f8d3f865000-7f8d3f867000 r--p 00031000 08:02 5642222                    /usr/lib/x86_64-linux-gnu/ld-linux-x86-64.so.2
7f8d3f867000-7f8d3f869000 rw-p 00033000 08:02 5642222                    /usr/lib/x86_64-linux-gnu/ld-linux-x86-64.so.2
7ffe8bb86000-7ffe8bba9000 rw-p 00000000 00:00 0                          [stack]
7ffe8bbaf000-7ffe8bbb3000 r--p 00000000 00:00 0                          [vvar]
7ffe8bbb3000-7ffe8bbb5000 r-xp 00000000 00:00 0                          [vdso]
ffffffffff600000-ffffffffff601000 --xp 00000000 00:00 0                  [vsyscall]


VM Arguments:
jvm_args: -javaagent:/app/IDEA-C/lib/idea_rt.jar=44297:/app/IDEA-C/bin -Dfile.encoding=UTF-8 
java_command: com.srmasset.comex.springboot.api.SpringWebApplication
java_class_path (initial): /home/david-cruz/IdeaProjects/semana_29_comex_springboot/out/production/semana_29_comex_springboot:/home/david-cruz/.m2/repository/org/springframework/boot/spring-boot-starter-web/3.1.5/spring-boot-starter-web-3.1.5.jar:/home/david-cruz/.m2/repository/org/springframework/boot/spring-boot-starter/3.1.5/spring-boot-starter-3.1.5.jar:/home/david-cruz/.m2/repository/org/springframework/boot/spring-boot-starter-logging/3.1.5/spring-boot-starter-logging-3.1.5.jar:/home/david-cruz/.m2/repository/ch/qos/logback/logback-classic/1.4.11/logback-classic-1.4.11.jar:/home/david-cruz/.m2/repository/ch/qos/logback/logback-core/1.4.11/logback-core-1.4.11.jar:/home/david-cruz/.m2/repository/org/apache/logging/log4j/log4j-to-slf4j/2.20.0/log4j-to-slf4j-2.20.0.jar:/home/david-cruz/.m2/repository/org/apache/logging/log4j/log4j-api/2.20.0/log4j-api-2.20.0.jar:/home/david-cruz/.m2/repository/org/slf4j/jul-to-slf4j/2.0.9/jul-to-slf4j-2.0.9.jar:/home/david-cruz/.m2/repository/jakarta/annotation/jakarta.annotation-api/2.1.1/jakarta.annotation-api-2.1.1.jar:/home/david-cruz/.m2/repository/org/yaml/snakeyaml/1.33/snakeyaml-1.33.jar:/home/david-cruz/.m2/repository/org/springframework/boot/spring-boot-starter-json/3.1.5/spring-boot-starter-json-3.1.5.jar:/home/david-cruz/.m2/repository/com/fasterxml/jackson/core/jackson-databind/2.15.3/jackson-databind-2.15.3.jar:/home/david-cruz/.m2/repository/com/fasterxml/jackson/core/jackson-annotations/2.15.3/jackson-annotations-2.15.3.jar:/home/david-cruz/.m2/repository/com/fasterxml/jackson/datatype/jackson-datatype-jdk8/2.15.3/jackson-datatype-jdk8-2.15.3.jar:/home/david-cruz/.m2/repository/com/fasterxml/jackson/datatype/jackson-datatype-jsr310/2.15.3/jackson-datatype-jsr310-2.15.3.jar:/home/david-cruz/.m2/repository/com/fasterxml/jackson/module/jackson-module-parameter-names/2.15.3/jackson-module-parameter-names-2.15.3.jar:/home/david-cruz/.m2/repository/org/springframework/boot/spring-boot-starter-tomcat/3.1.5/spring-boot-s
Launcher Type: SUN_STANDARD

[Global flags]
     intx CICompilerCount                          = 3                                         {product} {ergonomic}
     uint ConcGCThreads                            = 1                                         {product} {ergonomic}
     uint G1ConcRefinementThreads                  = 4                                         {product} {ergonomic}
   size_t G1HeapRegionSize                         = 1048576                                   {product} {ergonomic}
    uintx GCDrainStackTargetSize                   = 64                                        {product} {ergonomic}
   size_t InitialHeapSize                          = 65011712                                  {product} {ergonomic}
   size_t MarkStackSize                            = 4194304                                   {product} {ergonomic}
   size_t MaxHeapSize                              = 1021313024                                {product} {ergonomic}
   size_t MaxNewSize                               = 612368384                                 {product} {ergonomic}
   size_t MinHeapDeltaBytes                        = 1048576                                   {product} {ergonomic}
   size_t MinHeapSize                              = 8388608                                   {product} {ergonomic}
    uintx NonNMethodCodeHeapSize                   = 5832780                                {pd product} {ergonomic}
    uintx NonProfiledCodeHeapSize                  = 122912730                              {pd product} {ergonomic}
    uintx ProfiledCodeHeapSize                     = 122912730                              {pd product} {ergonomic}
    uintx ReservedCodeCacheSize                    = 251658240                              {pd product} {ergonomic}
     bool SegmentedCodeCache                       = true                                      {product} {ergonomic}
   size_t SoftMaxHeapSize                          = 1021313024                             {manageable} {ergonomic}
     bool UseCompressedClassPointers               = true                           {product lp64_product} {ergonomic}
     bool UseCompressedOops                        = true                           {product lp64_product} {ergonomic}
     bool UseG1GC                                  = true                                      {product} {ergonomic}

Logging:
Log output configuration:
 #0: stdout all=warning uptime,level,tags
 #1: stderr all=off uptime,level,tags

Environment Variables:
PATH=/app/bin:/usr/bin:/home/david-cruz/.var/app/com.jetbrains.IntelliJ-IDEA-Community/data/node/bin:/home/david-cruz/.var/app/com.jetbrains.IntelliJ-IDEA-Community/data/cargo/bin:/home/david-cruz/.var/app/com.jetbrains.IntelliJ-IDEA-Community/data/python/bin:/home/david-cruz/.var/app/com.jetbrains.IntelliJ-IDEA-Community/data/gem/ruby/3.2.0/bin
LD_LIBRARY_PATH=
SHELL=/bin/sh
DISPLAY=:99.0
LANG=pt_BR.UTF-8
TMPDIR=/run/user/1000/app/com.jetbrains.IntelliJ-IDEA-Community

Active Locale:
LC_ALL=pt_BR.UTF-8
LC_COLLATE=pt_BR.UTF-8
LC_CTYPE=pt_BR.UTF-8
LC_MESSAGES=pt_BR.UTF-8
LC_MONETARY=pt_BR.UTF-8
LC_NUMERIC=pt_BR.UTF-8
LC_TIME=pt_BR.UTF-8

Signal Handlers:
   SIGSEGV: crash_handler in libjvm.so, mask=11100100010111111101111111111110, flags=SA_RESTART|SA_SIGINFO, unblocked
    SIGBUS: crash_handler in libjvm.so, mask=11100100010111111101111111111110, flags=SA_RESTART|SA_SIGINFO, unblocked
    SIGFPE: crash_handler in libjvm.so, mask=11100100010111111101111111111110, flags=SA_RESTART|SA_SIGINFO, unblocked
   SIGPIPE: javaSignalHandler in libjvm.so, mask=11100100010111111101111111111110, flags=SA_RESTART|SA_SIGINFO, blocked
   SIGXFSZ: javaSignalHandler in libjvm.so, mask=11100100010111111101111111111110, flags=SA_RESTART|SA_SIGINFO, blocked
    SIGILL: crash_handler in libjvm.so, mask=11100100010111111101111111111110, flags=SA_RESTART|SA_SIGINFO, unblocked
   SIGUSR2: SR_handler in libjvm.so, mask=00100000000000000000000000000000, flags=SA_RESTART|SA_SIGINFO, blocked
    SIGHUP: SIG_IGN, mask=00000000000000000000000000000000, flags=none, blocked
    SIGINT: UserHandler in libjvm.so, mask=11100100010111111101111111111110, flags=SA_RESTART|SA_SIGINFO, blocked
   SIGTERM: UserHandler in libjvm.so, mask=11100100010111111101111111111110, flags=SA_RESTART|SA_SIGINFO, blocked
   SIGQUIT: UserHandler in libjvm.so, mask=11100100010111111101111111111110, flags=SA_RESTART|SA_SIGINFO, blocked
   SIGTRAP: crash_handler in libjvm.so, mask=11100100010111111101111111111110, flags=SA_RESTART|SA_SIGINFO, unblocked


---------------  S Y S T E M  ---------------

OS:
NAME="Freedesktop SDK"
VERSION="23.08 (Flatpak runtime)"
VERSION_ID=23.08
ID=org.freedesktop.platform
PRETTY_NAME="Freedesktop.org SDK 23.08 (Flatpak runtime)"
BUG_REPORT_URL=https://gitlab.com/freedesktop-sdk/freedesktop-sdk/issues
uname: Linux 6.2.0-35-generic #35~22.04.1-Ubuntu SMP PREEMPT_DYNAMIC Fri Oct  6 10:23:26 UTC 2 x86_64
OS uptime: 0 days 2:08 hours
libc: glibc 2.38 NPTL 2.38 
rlimit (soft/hard): STACK 8192k/infinity , CORE 0k/infinity , NPROC 14993/14993 , NOFILE 1048576/1048576 , AS infinity/infinity , CPU infinity/infinity , DATA infinity/infinity , FSIZE infinity/infinity , MEMLOCK 497812k/497812k
load average: 1,01 1,08 1,07

/proc/meminfo:
MemTotal:        3982512 kB
MemFree:           99700 kB
MemAvailable:     283980 kB
Buffers:            7420 kB
Cached:           564684 kB
SwapCached:        57692 kB
Active:          1039044 kB
Inactive:        2208936 kB
Active(anon):     859756 kB
Inactive(anon):  2040932 kB
Active(file):     179288 kB
Inactive(file):   168004 kB
Unevictable:          56 kB
Mlocked:              56 kB
SwapTotal:       2097148 kB
SwapFree:         154492 kB
Zswap:                 0 kB
Zswapped:              0 kB
Dirty:                24 kB
Writeback:            76 kB
AnonPages:       2624024 kB
Mapped:           476696 kB
Shmem:            224368 kB
KReclaimable:      79484 kB
Slab:             165580 kB
SReclaimable:      79484 kB
SUnreclaim:        86096 kB
KernelStack:       19200 kB
PageTables:        58964 kB
SecPageTables:         0 kB
NFS_Unstable:          0 kB
Bounce:                0 kB
WritebackTmp:          0 kB
CommitLimit:     4088404 kB
Committed_AS:   15126060 kB
VmallocTotal:   34359738367 kB
VmallocUsed:       60280 kB
VmallocChunk:          0 kB
Percpu:             2288 kB
HardwareCorrupted:     0 kB
AnonHugePages:         0 kB
ShmemHugePages:        0 kB
ShmemPmdMapped:        0 kB
FileHugePages:         0 kB
FilePmdMapped:         0 kB
HugePages_Total:       0
HugePages_Free:        0
HugePages_Rsvd:        0
HugePages_Surp:        0
Hugepagesize:       2048 kB
Hugetlb:               0 kB
DirectMap4k:      192584 kB
DirectMap2M:     3985408 kB

/sys/kernel/mm/transparent_hugepage/enabled: <Not Available>
/sys/kernel/mm/transparent_hugepage/defrag (defrag/compaction efforts parameter): <Not Available>

Process Memory:
Virtual Size: 4687440K (peak: 4687440K)
Resident Set Size: 256668K (peak: 281076K) (anon: 233884K, file: 22784K, shmem: 0K)
Swapped out: 17408K
C-Heap outstanding allocations: 55117K, retained: 39866K
glibc malloc tunables: (default)

/proc/sys/kernel/threads-max (system-wide limit on the number of threads): 29986
/proc/sys/vm/max_map_count (maximum number of memory map areas a process may have): 65530
/proc/sys/kernel/pid_max (system-wide limit on number of process identifiers): 4194304

container information not found.
KVM virtualization detected
Steal ticks since vm start: 0
Steal ticks percentage since vm start:  0,000

CPU: total 4 (initial active 4) (4 cores per cpu, 1 threads per core) family 6 model 158 stepping 10 microcode 0x0, cx8, cmov, fxsr, mmx, 3dnowpref, sse, sse2, sse3, ssse3, sse4.1, sse4.2, popcnt, lzcnt, tsc, tscinvbit, avx, avx2, aes, clmul, bmi1, bmi2, vzeroupper, clflush, clflushopt, hv
CPU Model and flags from /proc/cpuinfo:
model name	: Intel(R) Core(TM) i5-8400 CPU @ 2.80GHz
flags		: fpu vme de pse tsc msr pae mce cx8 apic sep mtrr pge mca cmov pat pse36 clflush mmx fxsr sse sse2 ht syscall nx rdtscp lm constant_tsc rep_good nopl xtopology nonstop_tsc cpuid tsc_known_freq pni pclmulqdq vmx ssse3 cx16 pcid sse4_1 sse4_2 x2apic movbe popcnt aes xsave avx rdrand hypervisor lahf_lm abm 3dnowprefetch invpcid_single pti tpr_shadow vnmi flexpriority ept vpid fsgsbase bmi1 avx2 bmi2 invpcid rdseed clflushopt md_clear flush_l1d

Online cpus: 0-3
Offline cpus: 
BIOS frequency limitation: <Not Available>
Frequency switch latency (ns): <Not Available>
Available cpu frequencies: <Not Available>
Current governor: <Not Available>
Core performance/turbo boost: <Not Available>

Memory: 4k page, physical 3982512k(101212k free), swap 2097148k(154492k free)
Page Sizes: 4k

vm_info: OpenJDK 64-Bit Server VM (17.0.7+7) for linux-amd64 JRE (17.0.7+7), built on Apr 18 2023 00:00:00 by "temurin" with gcc 10.3.0

END.
